=~=~=~=~=~=~=~=~=~=~=~= PuTTY log 2023.06.14 12:11:59 =~=~=~=~=~=~=~=~=~=~=~=
0.008,89.22
0.518,89.19
1.029,89.16
1.539,89.13
2.049,89.13
2.558,89.11
3.068,89.11
3.578,89.07
4.089,89.07
4.599,89.05
5.109,89.02
5.619,89.00
6.129,88.99
6.639,88.99
7.150,88.97
7.660,88.95
8.170,88.94
8.680,88.91
9.190,88.89
9.700,88.88
10.211,88.88
10.721,88.83
11.231,88.83
11.741,88.81
12.251,88.78
12.762,88.75
13.272,88.75
13.782,88.75
14.291,88.72
14.801,88.72
15.312,88.67
15.822,88.67
16.332,88.66
16.842,88.62
17.353,88.62
17.863,88.59
18.373,88.58
18.883,88.56
19.393,88.55
19.904,88.53
20.414,88.51
20.924,88.48
21.434,88.48
21.944,88.45
22.455,88.45
22.965,88.45
23.475,88.42
23.985,88.42
24.495,88.37
25.006,88.33
25.516,88.33
26.025,88.30
26.535,88.30
27.045,88.27
27.556,88.25
28.066,88.24
28.576,88.20
29.086,88.17
29.596,88.17
30.107,88.14
30.617,88.14
31.127,88.11
31.637,88.10
32.148,88.08
32.658,88.05
33.168,88.02
33.678,88.00
34.188,87.97
34.699,87.97
35.209,87.93
35.719,87.91
36.229,87.90
36.739,87.87
37.250,87.84
37.760,87.84
38.269,87.82
38.779,87.79
39.289,87.79
39.800,87.79
40.310,87.76
40.820,87.73
41.330,87.70
41.840,87.70
42.351,87.68
42.861,87.68
43.371,87.67
43.881,87.67
44.391,87.64
44.902,87.62
45.412,87.61
45.922,87.56
46.432,87.59
46.942,87.53
47.453,87.53
47.963,87.52
48.473,87.50
48.983,87.49
49.492,87.46
50.003,87.44
50.513,87.43
51.023,87.41
51.533,87.38
52.043,87.38
52.554,87.34
53.064,87.37
53.574,87.32
54.084,87.31
54.594,87.29
55.105,87.26
55.615,87.25
56.125,87.23
56.635,87.22
57.146,87.19
57.656,87.19
58.166,87.19
58.676,87.17
59.186,87.14
59.697,87.13
60.207,87.10
60.717,87.10
61.227,87.08
61.736,87.05
62.247,87.05
62.757,87.02
63.267,87.02
63.777,87.01
64.287,86.99
64.798,86.98
65.308,86.95
65.818,86.93
66.328,86.92
66.838,86.90
67.349,86.89
67.859,86.86
68.369,86.86
68.879,86.86
69.390,86.83
69.900,86.83
70.410,86.81
70.920,86.78
71.430,86.78
71.941,86.74
72.451,86.74
72.961,86.72
73.470,86.69
73.980,86.71
74.491,86.69
75.001,86.68
75.511,86.66
76.021,86.64
76.531,86.62
77.042,86.62
77.552,86.61
78.062,86.62
78.572,86.58
79.082,86.56
79.593,86.55
80.103,86.52
80.613,86.52
81.123,86.50
81.633,86.49
82.144,86.49
82.654,86.44
83.164,86.44
83.674,86.43
84.185,86.40
84.695,86.40
85.204,86.39
85.714,86.36
86.224,86.36
86.735,86.36
87.245,86.31
87.755,86.30
88.265,86.30
88.775,86.28
89.286,86.27
89.796,86.27
90.306,86.23
90.816,86.23
91.326,86.21
91.837,86.20
92.347,86.18
92.857,86.17
93.367,86.15
93.877,86.15
94.388,86.11
94.898,86.12
95.408,86.08
95.918,86.08
96.429,86.07
96.939,86.05
97.448,86.02
97.958,86.02
98.468,86.02
98.979,86.01
99.489,85.96
99.999,85.98
100.509,85.95
101.019,85.92
101.530,85.91
102.040,85.91
102.550,85.88
103.060,85.86
103.571,85.86
104.081,85.83
104.591,85.82
105.101,85.81
105.612,85.81
106.122,85.76
106.632,85.76
107.142,85.76
107.653,85.75
108.163,85.75
108.673,85.71
109.182,85.68
109.693,85.68
110.203,85.66
110.713,85.65
111.223,85.65
111.734,85.62
112.244,85.62
112.754,85.58
113.264,85.58
113.775,85.56
114.285,85.55
114.795,85.55
115.305,85.53
115.816,85.51
116.326,85.49
116.836,85.48
117.346,85.46
117.857,85.43
118.367,85.42
118.877,85.41
119.387,85.38
119.898,85.38
120.408,85.38
120.918,85.32
121.427,85.34
121.938,85.32
122.448,85.31
122.958,85.28
123.468,85.25
123.979,85.26
124.489,85.24
124.999,85.22
125.509,85.22
126.020,85.18
126.530,85.18
127.040,85.17
127.550,85.14
128.061,85.14
128.571,85.12
129.081,85.10
129.591,85.08
130.102,85.07
130.612,85.05
131.122,85.01
131.632,85.03
132.143,85.00
132.653,84.98
133.163,84.98
133.672,84.96
134.183,84.93
134.693,84.96
135.203,84.90
135.713,84.90
136.224,84.89
136.734,84.86
137.244,84.87
137.754,84.82
138.265,84.82
138.775,84.82
139.285,84.77
139.795,84.77
140.306,84.75
140.816,84.73
141.326,84.73
141.837,84.70
142.347,84.68
142.857,84.66
143.367,84.63
143.878,84.63
144.388,84.61
144.898,84.58
145.408,84.57
145.918,84.55
146.428,84.54
146.938,84.51
147.448,84.50
147.959,84.48
148.469,84.46
148.979,84.44
149.489,84.44
150.000,84.43
150.510,84.40
151.020,84.40
151.530,84.39
152.040,84.36
152.551,84.34
153.061,84.34
153.571,84.33
154.081,84.30
154.592,84.30
155.102,84.29
155.612,84.26
156.122,84.25
156.633,84.24
157.143,84.22
157.652,84.22
158.162,84.19
158.673,84.21
159.183,84.18
159.693,84.15
160.203,84.17
160.714,84.15
161.224,84.14
161.734,84.11
162.244,84.11
162.755,84.10
163.265,84.07
163.775,84.07
164.285,84.06
164.796,84.06
165.306,84.03
165.816,84.00
166.326,84.00
166.837,83.98
167.347,83.96
167.857,83.96
168.367,83.94
168.878,83.94
169.388,83.92
169.897,83.89
170.407,83.89
170.918,83.87
171.428,83.87
171.938,83.85
172.448,83.84
172.959,83.81
173.469,83.80
173.979,83.80
174.489,83.79
175.000,83.76
175.510,83.76
176.020,83.73
176.530,83.71
177.041,83.73
177.551,83.71
178.061,83.68
178.571,83.68
179.082,83.66
179.592,83.66
180.102,83.64
180.612,83.62
181.123,83.61
181.633,83.60
182.142,83.60
182.652,83.57
183.163,83.56
183.673,83.57
184.183,83.54
184.693,83.53
185.204,83.52
185.714,83.52
186.224,83.49
186.734,83.48
187.245,83.48
187.755,83.46
188.265,83.44
188.775,83.45
189.286,83.44
189.796,83.41
190.306,83.41
190.816,83.37
191.327,83.37
191.837,83.36
192.347,83.33
192.857,83.33
193.368,83.29
193.878,83.28
194.387,83.29
194.897,83.26
195.408,83.25
195.918,83.24
196.428,83.21
196.938,83.21
197.449,83.18
197.959,83.17
198.469,83.17
198.979,83.14
199.490,83.13
200.000,83.13
200.510,83.10
201.020,83.09
201.531,83.06
202.041,83.08
202.551,83.05
203.061,83.05
203.572,83.04
204.082,83.01
204.592,83.01
205.102,82.99
205.613,82.96
206.123,82.96
206.632,82.92
207.142,82.91
207.653,82.92
208.163,82.91
208.673,82.91
209.183,82.88
209.694,82.87
210.204,82.85
210.714,82.84
211.224,82.83
211.735,82.81
212.245,82.81
212.755,82.80
213.265,82.79
213.776,82.76
214.286,82.76
214.796,82.74
215.306,82.72
215.817,82.71
216.327,82.70
216.837,82.70
217.347,82.68
217.858,82.67
218.368,82.66
218.877,82.62
219.387,82.63
219.898,82.62
220.408,82.59
220.918,82.59
221.428,82.58
221.939,82.57
222.449,82.55
222.959,82.54
223.469,82.53
223.980,82.51
224.490,82.50
225.000,82.51
225.510,82.47
226.021,82.46
226.531,82.45
227.041,82.44
227.551,82.41
228.062,82.41
228.572,82.38
229.082,82.38
229.592,82.36
230.103,82.35
230.612,82.35
231.122,82.32
231.632,82.31
232.143,82.29
232.653,82.27
233.163,82.27
233.673,82.24
234.184,82.24
234.694,82.23
235.204,82.20
235.714,82.20
236.225,82.19
236.735,82.16
237.245,82.15
237.755,82.15
238.266,82.14
238.776,82.13
239.286,82.11
239.797,82.09
240.307,82.07
240.817,82.09
241.327,82.07
241.838,82.06
242.348,82.04
242.857,82.01
243.367,82.01
243.878,81.98
244.388,81.97
244.898,81.97
245.408,81.96
245.919,81.95
246.429,81.95
246.939,81.93
247.449,81.91
247.960,81.90
248.470,81.88
248.980,81.87
249.491,81.86
250.001,81.83
250.511,81.83
251.021,81.82
251.532,81.81
252.042,81.79
252.552,81.77
253.062,81.77
253.573,81.76
254.083,81.73
254.593,81.73
255.102,81.69
255.613,81.68
256.123,81.68
256.633,81.67
257.143,81.65
257.654,81.64
258.164,81.60
258.674,81.62
259.185,81.59
259.695,81.58
260.205,81.57
260.715,81.55
261.226,81.54
261.736,81.53
262.246,81.51
262.756,81.51
263.267,81.49
263.777,81.48
264.287,81.48
264.798,81.45
265.308,81.45
265.818,81.44
266.328,81.43
266.839,81.43
267.348,81.41
267.858,81.40
268.368,81.38
268.879,81.38
269.389,81.36
269.899,81.34
270.410,81.34
270.920,81.31
271.430,81.30
271.940,81.29
272.451,81.29
272.961,81.26
273.471,81.26
273.981,81.26
274.492,81.25
275.002,81.23
275.512,81.21
276.022,81.20
276.533,81.19
277.043,81.16
277.553,81.18
278.064,81.16
278.574,81.15
279.084,81.13
279.593,81.11
280.104,81.11
280.614,81.09
281.124,81.09
281.634,81.08
282.145,81.08
282.655,81.04
283.165,81.04
283.676,81.04
284.186,81.00
284.696,81.00
285.206,80.98
285.717,80.99
286.227,80.96
286.737,80.95
287.247,80.94
287.758,80.93
288.268,80.90
288.778,80.90
289.289,80.90
289.799,80.89
290.309,80.87
290.819,80.84
291.330,80.85
291.840,80.83
292.349,80.80
292.859,80.79
293.370,80.77
293.880,80.74
294.390,80.73
294.901,80.70
295.411,80.68
295.921,80.68
296.431,80.66
296.942,80.64
297.452,80.62
297.962,80.61
298.472,80.59
298.983,80.58
299.493,80.56
300.003,80.56
300.514,80.53
301.024,80.52
301.534,80.50
302.044,80.48
302.555,80.47
303.065,80.47
303.575,80.46
304.086,80.45
304.595,80.44
305.105,80.41
305.615,80.40
306.126,80.37
306.636,80.39
307.146,80.36
307.656,80.35
308.167,80.34
308.677,80.33
309.187,80.30
309.698,80.30
310.208,80.28
310.718,80.28
311.228,80.26
311.739,80.24
312.249,80.25
312.759,80.23
313.269,80.19
313.780,80.22
314.290,80.18
314.800,80.17
315.310,80.16
315.821,80.14
316.331,80.13
316.840,80.12
317.351,80.09
317.861,80.08
318.371,80.07
318.881,80.06
319.392,80.05
319.902,80.03
320.412,80.02
320.923,80.01
321.433,79.99
321.943,79.99
322.453,79.97
322.964,79.96
323.474,79.95
323.984,79.93
324.494,79.90
325.005,79.91
325.515,79.88
326.025,79.90
326.536,79.87
327.046,79.85
327.556,79.84
328.066,79.83
328.577,79.82
329.086,79.78
329.596,79.79
330.106,79.77
330.617,79.76
331.127,79.75
331.637,79.73
332.148,79.72
332.658,79.70
333.168,79.70
333.678,79.67
334.189,79.67
334.699,79.66
335.209,79.64
335.720,79.65
336.230,79.63
336.740,79.62
337.250,79.60
337.761,79.59
338.271,79.58
338.781,79.59
339.291,79.57
339.802,79.56
340.312,79.53
340.822,79.53
341.332,79.52
341.842,79.50
342.352,79.50
342.862,79.47
343.373,79.46
343.883,79.46
344.393,79.45
344.904,79.44
345.414,79.43
345.924,79.41
346.434,79.41
346.945,79.41
347.455,79.40
347.965,79.38
348.476,79.38
348.986,79.35
349.496,79.34
350.006,79.34
350.517,79.32
351.027,79.32
351.537,79.28
352.048,79.28
352.558,79.28
353.068,79.26
353.577,79.26
354.088,79.24
354.598,79.22
355.108,79.22
355.618,79.20
356.129,79.18
356.639,79.17
357.149,79.14
357.660,79.14
358.170,79.14
358.680,79.12
359.190,79.12
359.701,79.10
360.211,79.07
360.721,79.07
361.232,79.06
361.742,79.06
362.252,79.04
362.762,79.02
363.273,79.01
363.783,79.00
364.293,78.98
364.804,78.98
365.314,78.97
365.824,78.95
366.333,78.95
366.844,78.94
367.354,78.92
367.864,78.91
368.375,78.91
368.885,78.90
369.395,78.88
369.905,78.87
370.416,78.86
370.926,78.86
371.436,78.84
371.947,78.83
372.457,78.83
372.967,78.81
373.477,78.79
373.988,78.78
374.498,78.78
375.008,78.76
375.518,78.75
376.029,78.75
376.539,78.72
377.049,78.72
377.560,78.71
378.070,78.70
378.579,78.69
379.089,78.66
379.600,78.66
380.110,78.63
380.620,78.64
381.131,78.63
381.641,78.62
382.151,78.58
382.661,78.59
383.172,78.58
383.682,78.56
384.192,78.56
384.703,78.54
385.213,78.54
385.723,78.53
386.233,78.50
386.744,78.49
387.254,78.47
387.764,78.48
388.274,78.44
388.785,78.43
389.295,78.42
389.805,78.41
390.315,78.41
390.825,78.40
391.335,78.38
391.845,78.36
392.356,78.35
392.866,78.33
393.376,78.32
393.886,78.31
394.397,78.31
394.907,78.30
395.417,78.27
395.928,78.25
396.438,78.25
396.948,78.24
397.458,78.22
397.969,78.20
398.479,78.19
398.989,78.19
399.499,78.16
400.010,78.17
400.520,78.15
401.030,78.14
401.540,78.12
402.051,78.11
402.561,78.09
403.070,78.09
403.581,78.09
404.091,78.07
404.601,78.06
405.111,78.04
405.622,78.03
406.132,78.02
406.642,78.01
407.152,78.01
407.663,78.00
408.173,77.99
408.683,77.98
409.193,77.97
409.704,77.95
410.214,77.94
410.724,77.93
411.235,77.91
411.745,77.90
412.255,77.90
412.765,77.90
413.276,77.87
413.786,77.87
414.296,77.85
414.806,77.85
415.316,77.84
415.826,77.83
416.336,77.81
416.847,77.81
417.357,77.80
417.867,77.80
418.377,77.77
418.888,77.76
419.398,77.76
419.908,77.74
420.419,77.73
420.929,77.72
421.439,77.71
421.949,77.71
422.460,77.68
422.970,77.68
423.480,77.66
423.991,77.65
424.501,77.65
425.011,77.64
425.521,77.62
426.032,77.62
426.542,77.59
427.052,77.60
427.561,77.58
428.072,77.58
428.582,77.57
429.092,77.54
429.603,77.54
430.113,77.53
430.623,77.53
431.133,77.50
431.644,77.49
432.154,77.47
432.664,77.47
433.175,77.45
433.685,77.44
434.195,77.43
434.705,77.40
435.216,77.40
435.726,77.39
436.236,77.38
436.747,77.38
437.257,77.36
437.767,77.35
438.277,77.34
438.788,77.34
439.298,77.34
439.808,77.33
440.318,77.30
440.828,77.29
441.338,77.27
441.848,77.27
442.359,77.25
442.869,77.24
443.379,77.24
443.889,77.20
444.400,77.21
444.910,77.19
445.420,77.17
445.931,77.16
446.441,77.15
446.951,77.13
447.461,77.12
447.972,77.09
448.482,77.10
448.992,77.08
449.503,77.06
450.013,77.05
450.523,77.04
451.033,77.03
451.544,77.02
452.054,77.00
452.563,76.99
453.073,76.97
453.584,76.96
454.094,76.96
454.604,76.94
455.115,76.94
455.625,76.94
456.135,76.92
456.645,76.91
457.156,76.88
457.666,76.88
458.176,76.87
458.686,76.85
459.197,76.86
459.707,76.85
460.217,76.84
460.728,76.83
461.238,76.81
461.748,76.80
462.258,76.80
462.769,76.77
463.279,76.77
463.789,76.75
464.300,76.74
464.809,76.74
465.319,76.72
465.829,76.73
466.340,76.70
466.850,76.70
467.360,76.70
467.870,76.68
468.381,76.67
468.891,76.67
469.401,76.65
469.912,76.67
470.422,76.64
470.932,76.62
471.442,76.61
471.953,76.60
472.463,76.60
472.973,76.59
473.483,76.58
473.994,76.57
474.504,76.57
475.014,76.55
475.525,76.53
476.035,76.51
476.545,76.51
477.054,76.51
477.565,76.49
478.075,76.50
478.585,76.49
479.095,76.47
479.606,76.48
480.116,76.45
480.626,76.45
481.137,76.43
481.647,76.43
482.157,76.42
482.667,76.40
483.178,76.39
483.688,76.39
484.198,76.38
484.708,76.36
485.219,76.36
485.729,76.35
486.239,76.34
486.750,76.33
487.260,76.31
487.770,76.32
488.280,76.30
488.791,76.29
489.300,76.29
489.810,76.26
490.321,76.28
490.831,76.26
491.341,76.24
491.851,76.25
492.362,76.23
492.872,76.21
493.382,76.21
493.892,76.20
494.403,76.20
494.913,76.17
495.423,76.16
495.934,76.16
496.444,76.14
496.954,76.11
497.464,76.11
497.975,76.11
498.485,76.10
498.995,76.08
499.505,76.07
500.016,76.06
500.526,76.05
501.036,76.04
501.547,76.04
502.056,76.03
502.566,76.01
503.076,76.02
503.587,75.99
504.097,75.97
504.607,75.96
505.117,75.94
505.628,75.95
506.138,75.94
506.648,75.93
507.159,75.93
507.669,75.91
508.179,75.90
508.689,75.89
509.200,75.88
509.710,75.87
510.220,75.86
510.730,75.85
511.241,75.84
511.751,75.82
512.261,75.82
512.772,75.80
513.282,75.78
513.792,75.78
514.301,75.77
514.812,75.76
515.322,75.75
515.832,75.73
516.342,75.73
516.853,75.72
517.363,75.71
517.873,75.71
518.384,75.67
518.894,75.68
519.404,75.67
519.914,75.65
520.425,75.63
520.935,75.62
521.445,75.60
521.955,75.60
522.466,75.59
522.976,75.57
523.486,75.56
523.997,75.54
524.507,75.53
525.017,75.54
525.527,75.50
526.038,75.50
526.547,75.50
527.057,75.48
527.567,75.48
528.078,75.43
528.588,75.43
529.098,75.43
529.609,75.42
530.119,75.40
530.629,75.39
531.139,75.39
531.650,75.38
532.160,75.38
532.670,75.35
533.180,75.34
533.691,75.33
534.201,75.32
534.711,75.31
535.221,75.30
535.732,75.30
536.242,75.28
536.752,75.28
537.263,75.26
537.773,75.26
538.283,75.23
538.792,75.25
539.303,75.23
539.813,75.23
540.323,75.23
540.834,75.21
541.344,75.19
541.854,75.17
542.364,75.17
542.875,75.16
543.385,75.15
543.895,75.14
544.405,75.13
544.916,75.12
545.426,75.12
545.936,75.12
546.447,75.09
546.957,75.10
547.467,75.08
547.977,75.06
548.488,75.05
548.998,75.05
549.508,75.04
550.018,75.03
550.529,75.01
551.038,75.01
551.548,74.99
552.058,74.99
552.569,74.98
553.079,74.97
553.589,74.97
554.099,74.94
554.610,74.93
555.120,74.92
555.630,74.91
556.141,74.89
556.651,74.88
557.161,74.86
557.671,74.86
558.182,74.85
558.692,74.85
559.202,74.84
559.712,74.81
560.223,74.80
560.733,74.79
561.243,74.77
561.754,74.78
562.264,74.77
562.774,74.75
563.283,74.74
563.794,74.73
564.304,74.71
564.814,74.71
565.324,74.70
565.835,74.69
566.345,74.68
566.855,74.68
567.366,74.67
567.876,74.65
568.386,74.64
568.896,74.64
569.407,74.62
569.917,74.60
570.427,74.59
570.937,74.57
571.448,74.57
571.958,74.56
572.468,74.54
572.979,74.54
573.489,74.52
573.999,74.50
574.509,74.50
575.020,74.48
575.529,74.47
576.039,74.45
576.549,74.45
577.060,74.45
577.570,74.43
578.080,74.42
578.590,74.41
579.101,74.40
579.611,74.40
580.121,74.38
580.632,74.37
581.142,74.38
581.652,74.36
582.162,74.35
582.673,74.34
583.183,74.33
583.693,74.33
584.203,74.31
584.714,74.29
585.224,74.29
585.734,74.28
586.245,74.26
586.755,74.27
587.265,74.26
587.774,74.25
588.285,74.25
588.795,74.22
589.305,74.24
589.816,74.21
590.326,74.21
590.836,74.20
591.346,74.19
591.857,74.18
592.367,74.16
592.877,74.16
593.387,74.16
593.898,74.15
594.408,74.14
594.918,74.13
595.428,74.12
595.939,74.12
596.449,74.09
596.959,74.10
597.470,74.09
597.980,74.09
598.490,74.08
599.000,74.06
599.511,74.06
600.020,74.05
600.530,74.04
601.040,74.04
601.551,74.02
602.061,74.01
602.571,74.00
603.081,73.99
603.592,73.99
604.102,73.99
604.612,73.97
605.122,73.96
605.633,73.95
606.143,73.94
606.653,73.95
607.164,73.93
607.674,73.92
608.184,73.89
608.694,73.89
609.205,73.89
609.715,73.88
610.225,73.88
610.735,73.87
611.246,73.85
611.756,73.85
612.265,73.84
612.776,73.83
613.286,73.82
613.796,73.80
614.306,73.81
614.817,73.79
615.327,73.77
615.837,73.79
616.347,73.77
616.858,73.76
617.368,73.76
617.878,73.74
618.389,73.73
618.899,73.74
619.409,73.73
619.919,73.70
620.430,73.69
620.940,73.69
621.450,73.68
621.960,73.67
622.471,73.68
622.981,73.66
623.491,73.67
624.002,73.65
624.512,73.64
625.021,73.64
625.531,73.62
626.042,73.62
626.552,73.61
627.062,73.58
627.572,73.59
628.083,73.56
628.593,73.56
629.103,73.55
629.614,73.54
630.124,73.53
630.634,73.51
631.144,73.51
631.655,73.50
632.165,73.49
632.675,73.47
633.185,73.47
633.696,73.45
634.206,73.45
634.716,73.44
635.227,73.41
635.737,73.41
636.247,73.40
636.756,73.40
637.267,73.38
637.777,73.37
638.287,73.36
638.797,73.35
639.308,73.34
639.818,73.34
640.328,73.33
640.839,73.31
641.349,73.31
641.859,73.30
642.369,73.30
642.880,73.27
643.390,73.27
643.900,73.26
644.410,73.25
644.921,73.24
645.431,73.24
645.941,73.22
646.451,73.22
646.962,73.21
647.472,73.18
647.982,73.18
648.493,73.17
649.003,73.16
649.512,73.14
650.022,73.13
650.533,73.13
651.043,73.12
651.553,73.11
652.063,73.10
652.574,73.09
653.084,73.09
653.594,73.07
654.104,73.06
654.615,73.05
655.125,73.04
655.635,73.04
656.146,73.02
656.656,73.01
657.166,72.99
657.676,72.99
658.187,72.97
658.697,72.97
659.207,72.96
659.717,72.95
660.228,72.96
660.738,72.93
661.248,72.93
661.757,72.93
662.268,72.90
662.778,72.90
663.288,72.89
663.799,72.88
664.309,72.89
664.819,72.86
665.329,72.86
665.840,72.85
666.350,72.84
666.860,72.84
667.370,72.83
667.881,72.82
668.391,72.81
668.901,72.79
669.411,72.79
669.922,72.78
670.432,72.77
670.942,72.76
671.453,72.74
671.963,72.74
672.473,72.73
672.983,72.71
673.494,72.71
674.003,72.71
674.513,72.69
675.023,72.68
675.534,72.68
676.044,72.66
676.554,72.65
677.064,72.64
677.575,72.63
678.085,72.63
678.595,72.62
679.106,72.61
679.616,72.60
680.126,72.59
680.636,72.59
681.147,72.56
681.657,72.55
682.167,72.54
682.677,72.54
683.188,72.52
683.698,72.51
684.208,72.50
684.718,72.49
685.229,72.47
685.739,72.47
686.248,72.46
686.759,72.43
687.269,72.43
687.779,72.42
688.289,72.42
688.800,72.41
689.310,72.40
689.820,72.38
690.330,72.38
690.841,72.37
691.351,72.36
691.861,72.35
692.371,72.36
692.882,72.34
693.392,72.31
693.902,72.30
694.413,72.30
694.923,72.29
695.433,72.28
695.943,72.28
696.454,72.26
696.964,72.26
697.474,72.24
697.984,72.24
698.494,72.22
699.004,72.22
699.514,72.21
700.024,72.19
700.535,72.18
701.045,72.18
701.555,72.17
702.066,72.16
702.576,72.16
703.086,72.15
703.596,72.14
704.107,72.13
704.617,72.12
705.127,72.12
705.637,72.11
706.148,72.10
706.658,72.09
707.168,72.08
707.678,72.09
708.189,72.08
708.699,72.06
709.209,72.06
709.719,72.04
710.230,72.04
710.739,72.04
711.249,72.02
711.759,72.02
712.270,72.01
712.780,72.00
713.290,71.98
713.800,71.98
714.311,71.97
714.821,71.97
715.331,71.96
715.842,71.94
716.352,71.93
716.862,71.93
717.372,71.92
717.883,71.91
718.393,71.90
718.903,71.89
719.413,71.88
719.924,71.89
720.434,71.87
720.944,71.87
721.454,71.85
721.965,71.84
722.475,71.83
722.984,71.82
723.494,71.82
724.005,71.81
724.515,71.80
725.025,71.79
725.536,71.79
726.046,71.78
726.556,71.77
727.066,71.76
727.577,71.75
728.087,71.75
728.597,71.72
729.107,71.72
729.618,71.71
730.128,71.71
730.638,71.70
731.148,71.69
731.659,71.68
732.169,71.66
732.679,71.66
733.189,71.65
733.700,71.64
734.210,71.64
734.720,71.63
735.229,71.63
735.740,71.62
736.250,71.59
736.760,71.59
737.271,71.57
737.781,71.56
738.291,71.54
738.801,71.53
739.312,71.53
739.822,71.51
740.332,71.49
740.842,71.49
741.353,71.49
741.863,71.49
742.373,71.47
742.883,71.46
743.394,71.46
743.904,71.43
744.414,71.42
744.925,71.41
745.435,71.39
745.945,71.40
746.455,71.38
746.966,71.36
747.475,71.36
747.985,71.35
748.495,71.35
749.006,71.33
749.516,71.32
750.026,71.32
750.536,71.30
751.047,71.29
751.557,71.29
752.067,71.28
752.578,71.28
753.088,71.26
753.598,71.26
754.108,71.25
754.619,71.22
755.129,71.22
755.639,71.22
756.149,71.20
756.660,71.21
757.170,71.20
757.680,71.19
758.190,71.17
758.701,71.16
759.211,71.16
759.720,71.15
760.231,71.14
760.741,71.14
761.251,71.13
761.761,71.12
762.272,71.11
762.782,71.10
763.292,71.10
763.802,71.09
764.313,71.07
764.823,71.07
765.333,71.05
765.843,71.04
766.354,71.02
766.864,71.00
767.374,71.01
767.885,70.98
768.395,70.98
768.905,70.98
769.415,70.97
769.926,70.97
770.436,70.96
770.946,70.94
771.456,70.94
771.966,70.93
772.476,70.93
772.986,70.90
773.496,70.89
774.007,70.88
774.517,70.88
775.027,70.87
775.537,70.87
776.048,70.86
776.558,70.86
777.068,70.85
777.579,70.82
778.089,70.83
778.599,70.82
779.109,70.81
779.620,70.80
780.130,70.78
780.640,70.77
781.150,70.77
781.661,70.77
782.171,70.76
782.681,70.76
783.191,70.75
783.702,70.74
784.211,70.72
784.721,70.71
785.232,70.71
785.742,70.69
786.252,70.68
786.762,70.67
787.273,70.66
787.783,70.65
788.293,70.65
788.803,70.64
789.314,70.62
789.824,70.62
790.334,70.60
790.845,70.60
791.355,70.59
791.865,70.57
792.375,70.58
792.886,70.57
793.396,70.55
793.906,70.55
794.416,70.54
794.927,70.53
795.437,70.52
795.947,70.51
796.457,70.50
796.967,70.49
797.477,70.49
797.987,70.47
798.498,70.46
799.008,70.45
799.518,70.44
800.028,70.42
800.539,70.42
801.049,70.40
801.559,70.39
802.069,70.39
802.580,70.38
803.090,70.38
803.600,70.36
804.110,70.36
804.621,70.36
805.131,70.35
805.641,70.34
806.152,70.34
806.662,70.31
807.172,70.33
807.682,70.31
808.193,70.30
808.702,70.30
809.212,70.29
809.722,70.29
810.233,70.27
810.743,70.27
811.253,70.27
811.764,70.26
812.274,70.25
812.784,70.24
813.294,70.22
813.805,70.23
814.315,70.21
814.825,70.19
815.335,70.19
815.846,70.18
816.356,70.18
816.866,70.18
817.376,70.18
817.887,70.16
818.397,70.16
818.907,70.14
819.418,70.13
819.928,70.13
820.438,70.12
820.947,70.11
821.458,70.11
821.968,70.10
822.478,70.09
822.988,70.07
823.499,70.07
824.009,70.07
824.519,70.07
825.029,70.05
825.540,70.04
826.050,70.04
826.560,70.02
827.070,70.00
827.581,70.00
828.091,69.98
828.601,69.96
829.111,69.98
829.622,69.94
830.132,69.94
830.642,69.93
831.152,69.92
831.663,69.92
832.173,69.91
832.683,69.90
833.193,69.90
833.703,69.88
834.213,69.88
834.723,69.87
835.234,69.85
835.744,69.86
836.254,69.84
836.764,69.84
837.275,69.84
837.785,69.81
838.295,69.82
838.805,69.79
839.316,69.78
839.826,69.79
840.336,69.77
840.846,69.77
841.357,69.76
841.867,69.76
842.377,69.76
842.888,69.74
843.398,69.73
843.908,69.72
844.418,69.72
844.929,69.70
845.438,69.69
845.948,69.68
846.458,69.68
846.969,69.67
847.479,69.66
847.989,69.65
848.499,69.64
849.010,69.63
849.520,69.61
850.030,69.61
850.540,69.60
851.051,69.60
851.561,69.59
852.071,69.58
852.581,69.57
853.092,69.56
853.602,69.55
854.112,69.55
854.622,69.53
855.133,69.53
855.643,69.52
856.153,69.51
856.664,69.50
857.174,69.51
857.683,69.49
858.193,69.48
858.704,69.47
859.214,69.46
859.724,69.46
860.234,69.45
860.745,69.43
861.255,69.43
861.765,69.41
862.275,69.42
862.786,69.39
863.296,69.38
863.806,69.38
864.317,69.37
864.827,69.36
865.337,69.35
865.847,69.35
866.358,69.34
866.868,69.33
867.378,69.32
867.888,69.31
868.399,69.30
868.909,69.28
869.419,69.28
869.928,69.27
870.439,69.25
870.949,69.26
871.459,69.24
871.969,69.24
872.480,69.23
872.990,69.22
873.500,69.21
874.011,69.20
874.521,69.19
875.031,69.19
875.541,69.17
876.052,69.16
876.562,69.16
877.072,69.13
877.582,69.14
878.093,69.13
878.603,69.11
879.113,69.10
879.623,69.09
880.134,69.08
880.644,69.08
881.154,69.06
881.664,69.05
882.174,69.04
882.684,69.04
883.194,69.03
883.704,69.02
884.215,69.00
884.725,69.00
885.235,68.98
885.745,68.99
886.256,68.99
886.766,68.97
887.276,68.97
887.787,68.94
888.297,68.94
888.807,68.93
889.317,68.93
889.828,68.91
890.338,68.91
890.848,68.91
891.358,68.90
891.869,68.90
892.379,68.89
892.889,68.88
893.399,68.87
893.910,68.86
894.419,68.85
894.929,68.84
895.440,68.84
895.950,68.82
896.460,68.82
896.970,68.81
897.481,68.80
897.991,68.79
898.501,68.78
899.011,68.77
899.522,68.75
900.032,68.76
900.542,68.74
901.052,68.73
901.563,68.72
902.073,68.71
902.583,68.71
903.093,68.69
903.604,68.69
904.114,68.67
904.624,68.68
905.134,68.67
905.645,68.66
906.155,68.64
906.664,68.64
907.175,68.64
907.685,68.62
908.195,68.62
908.705,68.61
909.216,68.59
909.726,68.58
910.236,68.57
910.746,68.57
911.257,68.57
911.767,68.55
912.277,68.56
912.787,68.53
913.298,68.53
913.808,68.53
914.318,68.52
914.829,68.52
915.339,68.50
915.849,68.50
916.359,68.50
916.870,68.48
917.380,68.48
917.890,68.48
918.400,68.47
918.910,68.47
919.420,68.44
919.930,68.43
920.440,68.43
920.951,68.42
921.461,68.42
921.971,68.42
922.481,68.40
922.992,68.40
923.502,68.39
924.012,68.37
924.522,68.37
925.033,68.36
925.543,68.35
926.053,68.35
926.563,68.32
927.074,68.33
927.584,68.31
928.094,68.30
928.604,68.30
929.115,68.28
929.625,68.28
930.135,68.28
930.644,68.26
931.155,68.26
931.665,68.25
932.175,68.24
932.686,68.25
933.196,68.24
933.706,68.23
934.216,68.22
934.727,68.21
935.237,68.20
935.747,68.19
936.257,68.18
936.768,68.18
937.278,68.16
937.788,68.15
938.298,68.15
938.809,68.13
939.319,68.13
939.829,68.13
940.340,68.11
940.850,68.11
941.360,68.09
941.870,68.08
942.381,68.08
942.891,68.06
943.400,68.06
943.910,68.05
944.421,68.05
944.931,68.03
945.441,68.02
945.951,68.02
946.462,68.01
946.972,67.98
947.482,67.99
947.992,67.98
948.503,67.97
949.013,67.97
949.523,67.95
950.033,67.94
950.544,67.94
951.054,67.93
951.564,67.92
952.074,67.91
952.585,67.90
953.095,67.89
953.605,67.88
954.115,67.87
954.626,67.86
955.136,67.84
955.645,67.84
956.155,67.83
956.666,67.82
957.176,67.81
957.686,67.79
958.196,67.79
958.707,67.78
959.217,67.77
959.727,67.76
960.238,67.76
960.748,67.75
961.258,67.75
961.768,67.73
962.279,67.72
962.789,67.72
963.299,67.71
963.809,67.71
964.320,67.70
964.830,67.69
965.340,67.68
965.850,67.67
966.361,67.66
966.871,67.67
967.380,67.66
967.890,67.66
968.401,67.66
968.911,67.64
969.421,67.64
969.931,67.62
970.442,67.62
970.952,67.61
971.462,67.59
971.973,67.60
972.483,67.57
972.993,67.57
973.503,67.57
974.014,67.55
974.524,67.54
975.034,67.53
975.544,67.52
976.055,67.51
976.565,67.50
977.075,67.49
977.585,67.49
978.096,67.47
978.606,67.46
979.116,67.46
979.625,67.46
980.136,67.44
980.646,67.43
981.156,67.42
981.666,67.42
982.177,67.40
982.687,67.40
983.197,67.38
983.708,67.37
984.218,67.37
984.728,67.36
985.238,67.36
985.749,67.35
986.259,67.33
986.769,67.32
987.279,67.33
987.790,67.31
988.300,67.31
988.810,67.31
989.320,67.29
989.831,67.28
990.341,67.27
990.851,67.27
991.361,67.27
991.872,67.26
992.381,67.25
992.891,67.25
993.401,67.23
993.912,67.22
994.422,67.21
994.932,67.22
995.443,67.21
995.953,67.19
996.463,67.18
996.973,67.17
997.484,67.17
997.994,67.16
998.504,67.14
999.014,67.14
999.525,67.13
1000.035,67.13
1000.545,67.10
1001.056,67.10
1001.566,67.08
1002.076,67.08
1002.586,67.07
1003.097,67.06
1003.607,67.04
1004.116,67.04
1004.627,67.04
1005.137,67.03
1005.647,67.02
1006.157,67.03
1006.668,67.02
1007.178,67.00
1007.688,66.99
1008.199,66.98
1008.709,66.96
1009.219,66.97
1009.730,66.96
1010.240,66.95
1010.750,66.95
1011.261,66.94
1011.771,66.94
1012.281,66.92
1012.791,66.91
1013.302,66.91
1013.812,66.91
1014.322,66.90
1014.833,66.90
1015.343,66.88
1015.853,66.87
1016.364,66.87
1016.873,66.86
1017.383,66.86
1017.894,66.85
1018.404,66.84
1018.914,66.84
1019.424,66.84
1019.935,66.82
1020.445,66.81
1020.955,66.81
1021.466,66.81
1021.976,66.79
1022.486,66.79
1022.997,66.78
1023.507,66.77
1024.017,66.76
1024.527,66.76
1025.038,66.74
1025.548,66.72
1026.058,66.73
1026.569,66.72
1027.079,66.69
1027.589,66.69
1028.100,66.68
1028.610,66.67
1029.120,66.67
1029.630,66.64
1030.140,66.64
1030.650,66.64
1031.160,66.63
1031.671,66.62
1032.181,66.61
1032.691,66.60
1033.202,66.61
1033.712,66.60
1034.222,66.58
1034.733,66.58
1035.243,66.56
1035.753,66.56
1036.263,66.56
1036.774,66.55
1037.284,66.54
1037.794,66.53
1038.305,66.52
1038.815,66.51
1039.325,66.51
1039.836,66.50
1040.346,66.50
1040.856,66.48
1041.367,66.48
1041.876,66.47
1042.386,66.47
1042.896,66.47
1043.407,66.45
1043.917,66.44
1044.427,66.43
1044.938,66.43
1045.448,66.42
1045.958,66.41
1046.469,66.42
1046.979,66.41
1047.489,66.39
1048.000,66.39
1048.510,66.38
1049.020,66.39
1049.530,66.37
1050.041,66.36
1050.551,66.35
1051.061,66.34
1051.572,66.33
1052.082,66.33
1052.592,66.30
1053.103,66.30
1053.613,66.28
1054.123,66.28
1054.632,66.27
1055.143,66.26
1055.653,66.26
1056.163,66.24
1056.674,66.22
1057.184,66.23
1057.694,66.22
1058.205,66.20
1058.715,66.20
1059.225,66.18
1059.736,66.18
1060.246,66.17
1060.756,66.15
1061.266,66.16
1061.777,66.14
1062.287,66.13
1062.797,66.13
1063.308,66.12
1063.818,66.12
1064.328,66.10
1064.839,66.09
1065.349,66.10
1065.859,66.08
1066.369,66.06
1066.880,66.06
1067.389,66.05
1067.899,66.04
1068.410,66.04
1068.920,66.03
1069.430,66.03
1069.941,66.01
1070.451,65.99
1070.961,66.00
1071.471,65.99
1071.982,65.99
1072.492,65.98
1073.002,65.96
1073.513,65.96
1074.023,65.95
1074.533,65.95
1075.044,65.94
1075.554,65.95
1076.064,65.92
1076.575,65.93
1077.085,65.91
1077.595,65.89
1078.105,65.90
1078.616,65.87
1079.126,65.87
1079.635,65.87
1080.146,65.86
1080.656,65.86
1081.166,65.85
1081.677,65.83
1082.187,65.83
1082.697,65.83
1083.208,65.83
1083.718,65.81
1084.228,65.81
1084.738,65.81
1085.249,65.79
1085.759,65.79
1086.269,65.79
1086.780,65.77
1087.290,65.77
1087.800,65.76
1088.311,65.75
1088.821,65.74
1089.331,65.73
1089.842,65.73
1090.352,65.72
1090.862,65.72
1091.373,65.71
1091.883,65.70
1092.392,65.69
1092.902,65.70
1093.413,65.68
1093.923,65.68
1094.433,65.67
1094.944,65.66
1095.454,65.66
1095.964,65.64
1096.475,65.64
1096.985,65.64
1097.495,65.63
1098.006,65.63
1098.516,65.63
1099.026,65.61
1099.536,65.61
1100.047,65.61
1100.557,65.59
1101.067,65.60
1101.578,65.57
1102.088,65.58
1102.598,65.57
1103.109,65.56
1103.619,65.56
1104.129,65.54
1104.640,65.55
1105.149,65.54
1105.659,65.53
1106.169,65.53
1106.680,65.52
1107.190,65.52
1107.700,65.52
1108.211,65.50
1108.721,65.49
1109.231,65.49
1109.742,65.48
1110.252,65.47
1110.762,65.46
1111.273,65.46
1111.783,65.46
1112.293,65.45
1112.803,65.45
1113.314,65.46
1113.824,65.42
1114.334,65.43
1114.845,65.42
1115.355,65.41
1115.865,65.41
1116.376,65.39
1116.886,65.39
1117.395,65.39
1117.906,65.38
1118.416,65.37
1118.926,65.36
1119.436,65.35
1119.947,65.35
1120.457,65.34
1120.967,65.33
1121.478,65.32
1121.988,65.32
1122.498,65.32
1123.009,65.31
1123.519,65.30
1124.029,65.31
1124.540,65.29
1125.050,65.29
1125.560,65.28
1126.070,65.28
1126.581,65.26
1127.091,65.26
1127.601,65.26
1128.112,65.25
1128.622,65.24
1129.132,65.23
1129.643,65.22
1130.152,65.21
1130.662,65.21
1131.173,65.18
1131.683,65.18
1132.193,65.18
1132.703,65.16
1133.214,65.16
1133.724,65.15
1134.234,65.14
1134.745,65.14
1135.255,65.12
1135.765,65.13
1136.276,65.12
1136.786,65.11
1137.296,65.10
1137.807,65.08
1138.317,65.08
1138.827,65.08
1139.338,65.07
1139.848,65.07
1140.358,65.06
1140.868,65.04
1141.379,65.04
1141.889,65.03
1142.398,65.03
1142.909,65.03
1143.419,65.02
1143.929,65.02
1144.440,65.00
1144.950,64.99
1145.460,65.00
1145.970,65.00
1146.481,64.98
1146.991,64.98
1147.501,64.97
1148.012,64.97
1148.522,64.97
1149.032,64.96
1149.543,64.97
1150.053,64.95
1150.563,64.94
1151.073,64.94
1151.584,64.94
1152.094,64.93
1152.604,64.93
1153.115,64.92
1153.625,64.91
1154.135,64.90
1154.646,64.90
1155.155,64.90
1155.665,64.88
1156.176,64.89
1156.686,64.89
1157.196,64.87
1157.706,64.88
1158.217,64.86
1158.727,64.85
1159.237,64.84
1159.748,64.83
1160.258,64.83
1160.768,64.82
1161.279,64.82
1161.789,64.80
1162.299,64.80
1162.809,64.79
1163.320,64.79
1163.830,64.77
1164.340,64.77
1164.851,64.76
1165.361,64.75
1165.871,64.74
1166.382,64.73
1166.892,64.73
1167.401,64.72
1167.912,64.70
1168.422,64.70
1168.932,64.68
1169.442,64.67
1169.953,64.66
1170.463,64.65
1170.973,64.64
1171.484,64.63
1171.994,64.63
1172.504,64.62
1173.015,64.60
1173.525,64.60
1174.035,64.59
1174.546,64.59
1175.056,64.57
1175.566,64.57
1176.076,64.57
1176.587,64.56
1177.097,64.55
1177.607,64.56
1178.118,64.54
1178.628,64.54
1179.138,64.54
1179.649,64.52
1180.158,64.51
1180.668,64.51
1181.179,64.50
1181.689,64.50
1182.199,64.48
1182.709,64.48
1183.220,64.48
1183.730,64.47
1184.240,64.47
1184.751,64.45
1185.261,64.45
1185.771,64.44
1186.282,64.43
1186.792,64.43
1187.302,64.42
1187.812,64.41
1188.323,64.41
1188.833,64.39
1189.343,64.39
1189.854,64.38
1190.364,64.37
1190.874,64.37
1191.385,64.35
1191.895,64.35
1192.404,64.34
1192.915,64.33
1193.425,64.33
1193.935,64.32
1194.445,64.31
1194.956,64.30
1195.466,64.29
1195.976,64.29
1196.487,64.28
1196.997,64.26
1197.507,64.25
1198.018,64.25
1198.528,64.24
1199.038,64.23
1199.549,64.23
1200.059,64.22
1200.569,64.22
1201.079,64.20
1201.590,64.20
1202.100,64.19
1202.610,64.19
1203.121,64.18
1203.631,64.17
1204.141,64.16
1204.652,64.15
1205.161,64.14
1205.671,64.13
1206.182,64.13
1206.692,64.12
1207.202,64.12
1207.713,64.11
1208.223,64.10
1208.733,64.10
1209.243,64.10
1209.754,64.08
1210.264,64.08
1210.774,64.08
1211.285,64.06
1211.795,64.06
1212.305,64.06
1212.816,64.05
1213.326,64.04
1213.836,64.04
1214.346,64.03
1214.857,64.03
1215.367,64.01
1215.877,64.01
1216.388,64.01
1216.898,63.99
1217.408,64.00
1217.918,63.98
1218.428,63.98
1218.938,63.97
1219.448,63.96
1219.959,63.96
1220.469,63.95
1220.979,63.94
1221.490,63.95
1222.000,63.94
1222.510,63.92
1223.021,63.92
1223.531,63.92
1224.041,63.91
1224.551,63.91
1225.062,63.90
1225.572,63.89
1226.082,63.88
1226.593,63.88
1227.103,63.88
1227.613,63.86
1228.124,63.86
1228.634,63.86
1229.144,63.85
1229.655,63.86
1230.164,63.84
1230.674,63.83
1231.184,63.83
1231.695,63.82
1232.205,63.81
1232.715,63.80
1233.226,63.80
1233.736,63.80
1234.246,63.78
1234.757,63.78
1235.267,63.77
1235.777,63.77
1236.287,63.75
1236.798,63.74
1237.308,63.73
1237.818,63.72
1238.329,63.72
1238.839,63.71
1239.349,63.69
1239.860,63.69
1240.370,63.68
1240.880,63.68
1241.391,63.67
1241.901,63.66
1242.411,63.65
1242.920,63.65
1243.431,63.64
1243.941,63.64
1244.451,63.62
1244.962,63.62
1245.472,63.62
1245.982,63.62
1246.493,63.62
1247.003,63.60
1247.513,63.60
1248.024,63.60
1248.534,63.58
1249.044,63.57
1249.554,63.57
1250.065,63.57
1250.575,63.57
1251.085,63.55
1251.596,63.55
1252.106,63.55
1252.616,63.53
1253.127,63.52
1253.637,63.52
1254.147,63.51
1254.658,63.50
1255.168,63.49
1255.677,63.48
1256.187,63.47
1256.698,63.47
1257.208,63.45
1257.718,63.45
1258.229,63.44
1258.739,63.43
1259.249,63.42
1259.760,63.41
1260.270,63.41
1260.780,63.40
1261.291,63.40
1261.801,63.39
1262.311,63.39
1262.821,63.39
1263.332,63.38
1263.842,63.37
1264.352,63.36
1264.863,63.35
1265.373,63.35
1265.883,63.34
1266.394,63.34
1266.904,63.33
1267.414,63.32
1267.924,63.31
1268.434,63.31
1268.944,63.30
1269.454,63.30
1269.965,63.29
1270.475,63.28
1270.985,63.28
1271.496,63.27
1272.006,63.25
1272.516,63.26
1273.027,63.25
1273.537,63.24
1274.047,63.24
1274.558,63.23
1275.068,63.23
1275.578,63.23
1276.088,63.22
1276.599,63.22
1277.109,63.21
1277.619,63.20
1278.130,63.19
1278.640,63.18
1279.150,63.18
1279.661,63.17
1280.171,63.16
1280.680,63.16
1281.191,63.16
1281.701,63.15
1282.211,63.14
1282.721,63.14
1283.232,63.14
1283.742,63.14
1284.252,63.12
1284.763,63.12
1285.273,63.11
1285.783,63.11
1286.294,63.09
1286.804,63.09
1287.314,63.08
1287.824,63.08
1288.335,63.07
1288.845,63.07
1289.355,63.06
1289.866,63.05
1290.376,63.04
1290.886,63.03
1291.397,63.02
1291.907,63.02
1292.417,63.01
1292.926,63.01
1293.437,63.00
1293.947,62.98
1294.457,62.98
1294.968,62.97
1295.478,62.97
1295.988,62.96
1296.499,62.95
1297.009,62.95
1297.519,62.95
1298.029,62.93
1298.540,62.93
1299.050,62.93
1299.560,62.91
1300.071,62.91
1300.581,62.90
1301.091,62.89
1301.602,62.89
1302.112,62.88
1302.622,62.87
1303.132,62.87
1303.643,62.86
1304.153,62.85
1304.663,62.85
1305.174,62.85
1305.683,62.84
1306.193,62.82
1306.704,62.83
1307.214,62.82
1307.724,62.81
1308.234,62.80
1308.745,62.79
1309.255,62.79
1309.765,62.78
1310.276,62.77
1310.786,62.77
1311.296,62.77
1311.807,62.75
1312.317,62.76
1312.827,62.74
1313.338,62.73
1313.848,62.73
1314.358,62.71
1314.868,62.72
1315.379,62.71
1315.889,62.70
1316.399,62.70
1316.910,62.69
1317.420,62.68
1317.929,62.69
1318.440,62.67
1318.950,62.66
1319.460,62.66
1319.970,62.66
1320.481,62.65
1320.991,62.64
1321.501,62.63
1322.012,62.62
1322.522,62.62
1323.032,62.62
1323.543,62.61
1324.053,62.60
1324.563,62.60
1325.074,62.58
1325.584,62.58
1326.094,62.58
1326.604,62.56
1327.115,62.58
1327.625,62.56
1328.135,62.55
1328.646,62.54
1329.156,62.53
1329.666,62.53
1330.177,62.52
1330.686,62.50
1331.196,62.51
1331.706,62.50
1332.217,62.50
1332.727,62.49
1333.237,62.48
1333.748,62.48
1334.258,62.47
1334.768,62.47
1335.279,62.47
1335.789,62.46
1336.299,62.45
1336.810,62.45
1337.320,62.43
1337.830,62.43
1338.340,62.43
1338.851,62.41
1339.361,62.41
1339.871,62.40
1340.382,62.40
1340.892,62.39
1341.402,62.38
1341.913,62.38
1342.423,62.37
1342.932,62.35
1343.443,62.35
1343.953,62.35
1344.463,62.35
1344.973,62.35
1345.484,62.33
1345.994,62.33
1346.504,62.33
1347.015,62.31
1347.525,62.31
1348.035,62.30
1348.546,62.29
1349.056,62.29
1349.566,62.28
1350.076,62.28
1350.587,62.27
1351.097,62.25
1351.607,62.25
1352.118,62.25
1352.628,62.24
1353.138,62.24
1353.649,62.23
1354.159,62.22
1354.669,62.22
1355.179,62.21
1355.689,62.20
1356.199,62.19
1356.709,62.19
1357.220,62.19
1357.730,62.18
1358.240,62.18
1358.751,62.17
1359.261,62.16
1359.771,62.16
1360.282,62.15
1360.792,62.14
1361.302,62.14
1361.812,62.12
1362.323,62.13
1362.833,62.12
1363.343,62.10
1363.854,62.11
1364.364,62.10
1364.874,62.10
1365.385,62.08
1365.895,62.08
1366.405,62.08
1366.915,62.07
1367.426,62.07
1367.936,62.06
1368.445,62.05
1368.956,62.05
1369.466,62.04
1369.976,62.04
1370.487,62.03
1370.997,62.02
1371.507,62.02
1372.017,62.02
1372.528,62.01
1373.038,62.00
1373.548,61.99
1374.059,62.00
1374.569,61.98
1375.079,61.98
1375.590,61.98
1376.100,61.97
1376.610,61.96
1377.120,61.95
1377.631,61.95
1378.141,61.95
1378.651,61.93
1379.162,61.93
1379.672,61.92
1380.182,61.92
1380.692,61.92
1381.202,61.91
1381.712,61.90
1382.222,61.89
1382.733,61.88
1383.243,61.88
1383.753,61.87
1384.264,61.87
1384.774,61.86
1385.284,61.84
1385.795,61.84
1386.305,61.84
1386.815,61.83
1387.326,61.82
1387.836,61.82
1388.346,61.81
1388.856,61.81
1389.367,61.79
1389.877,61.79
1390.387,61.78
1390.898,61.78
1391.408,61.78
1391.918,61.78
1392.429,61.77
1392.939,61.77
1393.448,61.76
1393.958,61.75
1394.469,61.74
1394.979,61.74
1395.489,61.74
1396.000,61.73
1396.510,61.72
1397.020,61.72
1397.531,61.71
1398.041,61.71
1398.551,61.70
1399.061,61.69
1399.572,61.69
1400.082,61.68
1400.592,61.68
1401.103,61.67
1401.613,61.66
1402.123,61.66
1402.634,61.64
1403.144,61.64
1403.654,61.64
1404.165,61.62
1404.675,61.62
1405.185,61.62
1405.694,61.61
1406.205,61.60
1406.715,61.59
1407.225,61.60
1407.736,61.59
1408.246,61.58
1408.756,61.57
1409.267,61.57
1409.777,61.57
1410.287,61.56
1410.798,61.55
1411.308,61.55
1411.818,61.54
1412.328,61.53
1412.839,61.52
1413.349,61.52
1413.859,61.52
1414.370,61.51
1414.880,61.50
1415.390,61.50
1415.901,61.48
1416.411,61.48
1416.921,61.48
1417.432,61.47
1417.942,61.46
1418.451,61.44
1418.961,61.44
1419.472,61.43
1419.982,61.43
1420.492,61.43
1421.003,61.41
1421.513,61.40
1422.023,61.40
1422.534,61.39
1423.044,61.38
1423.554,61.38
1424.065,61.36
1424.575,61.36
1425.085,61.35
1425.595,61.34
1426.106,61.34
1426.616,61.32
1427.126,61.33
1427.637,61.31
1428.147,61.30
1428.657,61.30
1429.168,61.29
1429.678,61.28
1430.188,61.28
1430.699,61.27
1431.208,61.26
1431.718,61.25
1432.229,61.24
1432.739,61.24
1433.249,61.23
1433.760,61.23
1434.270,61.22
1434.780,61.21
1435.290,61.21
1435.801,61.20
1436.311,61.20
1436.821,61.19
1437.332,61.18
1437.842,61.18
1438.352,61.18
1438.863,61.17
1439.373,61.17
1439.883,61.16
1440.394,61.15
1440.904,61.15
1441.414,61.14
1441.925,61.13
1442.435,61.13
1442.945,61.12
1443.456,61.13
1443.965,61.11
1444.475,61.11
1444.985,61.10
1445.496,61.09
1446.006,61.09
1446.516,61.09
1447.027,61.08
1447.537,61.07
1448.047,61.06
1448.558,61.06
1449.068,61.05
1449.578,61.04
1450.089,61.04
1450.599,61.04
1451.109,61.03
1451.619,61.02
1452.130,61.01
1452.640,61.01
1453.150,61.00
1453.661,61.00
1454.171,60.98
1454.681,60.97
1455.192,60.97
1455.702,60.98
1456.211,60.97
1456.722,60.95
1457.232,60.95
1457.742,60.95
1458.253,60.94
1458.763,60.94
1459.273,60.92
1459.783,60.92
1460.294,60.92
1460.804,60.92
1461.314,60.91
1461.825,60.90
1462.335,60.90
1462.845,60.90
1463.356,60.89
1463.866,60.89
1464.376,60.88
1464.887,60.87
1465.397,60.86
1465.907,60.85
1466.418,60.85
1466.928,60.84
1467.438,60.84
1467.948,60.83
1468.459,60.83
1468.968,60.82
1469.478,60.82
1469.989,60.80
1470.499,60.80
1471.009,60.78
1471.520,60.78
1472.030,60.78
1472.540,60.77
1473.051,60.76
1473.561,60.76
1474.071,60.75
1474.582,60.75
1475.092,60.73
1475.602,60.73
1476.112,60.71
1476.623,60.71
1477.133,60.71
1477.643,60.69
1478.154,60.69
1478.664,60.68
1479.174,60.67
1479.685,60.67
1480.195,60.66
1480.705,60.65
1481.216,60.64
1481.725,60.63
1482.235,60.62
1482.746,60.62
1483.256,60.61
1483.766,60.60
1484.277,60.59
1484.787,60.59
1485.297,60.58
1485.808,60.57
1486.318,60.56
1486.828,60.56
1487.338,60.55
1487.849,60.56
1488.359,60.54
1488.869,60.54
1489.380,60.54
1489.890,60.52
1490.400,60.52
1490.911,60.51
1491.421,60.52
1491.931,60.51
1492.442,60.50
1492.952,60.49
1493.462,60.48
1493.972,60.48
1494.482,60.47
1494.992,60.46
1495.503,60.46
1496.013,60.45
1496.523,60.45
1497.033,60.45
1497.544,60.44
1498.054,60.43
1498.564,60.43
1499.075,60.42
1499.585,60.41
1500.095,60.41
1500.606,60.41
1501.116,60.40
1501.626,60.39
1502.137,60.39
1502.647,60.39
1503.157,60.38
1503.668,60.37
1504.178,60.36
1504.688,60.36
1505.199,60.35
1505.709,60.34
1506.219,60.34
1506.728,60.33
1507.239,60.32
1507.749,60.32
1508.259,60.30
1508.770,60.30
1509.280,60.30
1509.790,60.30
1510.301,60.29
1510.811,60.28
1511.321,60.28
1511.832,60.28
1512.342,60.26
1512.852,60.26
1513.363,60.25
1513.873,60.25
1514.383,60.24
1514.894,60.24
1515.404,60.24
1515.914,60.23
1516.425,60.23
1516.935,60.22
1517.445,60.21
1517.956,60.20
1518.466,60.20
1518.976,60.19
1519.486,60.19
1519.996,60.18
1520.506,60.17
1521.016,60.17
1521.527,60.16
1522.037,60.16
1522.547,60.15
1523.058,60.15
1523.568,60.15
1524.078,60.14
1524.589,60.14
1525.099,60.14
1525.609,60.13
1526.120,60.13
1526.630,60.12
1527.140,60.11
1527.651,60.11
1528.161,60.10
1528.671,60.10
1529.182,60.08
1529.692,60.08
1530.202,60.07
1530.713,60.07
1531.223,60.07
1531.732,60.07
1532.243,60.07
1532.753,60.05
1533.263,60.04
1533.773,60.04
1534.284,60.04
1534.794,60.03
1535.304,60.02
1535.815,60.01
1536.325,60.01
1536.835,60.00
1537.346,59.99
1537.856,59.99
1538.366,59.98
1538.877,59.97
1539.387,59.98
1539.897,59.97
1540.408,59.96
1540.918,59.96
1541.428,59.95
1541.939,59.94
1542.449,59.93
1542.959,59.93
1543.470,59.93
1543.980,59.91
1544.489,59.92
1544.999,59.91
1545.510,59.90
1546.020,59.90
1546.530,59.89
1547.041,59.88
1547.551,59.88
1548.061,59.87
1548.572,59.87
1549.082,59.86
1549.592,59.85
1550.103,59.85
1550.613,59.84
1551.123,59.83
1551.634,59.83
1552.144,59.83
1552.654,59.82
1553.165,59.81
1553.675,59.81
1554.185,59.80
1554.696,59.79
1555.206,59.79
1555.716,59.79
1556.226,59.77
1556.737,59.77
1557.246,59.76
1557.756,59.75
1558.267,59.75
1558.777,59.75
1559.287,59.73
1559.798,59.73
1560.308,59.72
1560.818,59.71
1561.329,59.71
1561.839,59.70
1562.349,59.70
1562.860,59.69
1563.370,59.68
1563.880,59.68
1564.391,59.67
1564.901,59.66
1565.411,59.65
1565.922,59.65
1566.432,59.65
1566.942,59.63
1567.453,59.63
1567.963,59.63
1568.473,59.62
1568.984,59.63
1569.494,59.63
1570.003,59.61
1570.513,59.62
1571.024,59.61
1571.534,59.59
1572.044,59.60
1572.555,59.59
1573.065,59.58
1573.575,59.58
1574.086,59.57
1574.596,59.57
1575.106,59.56
1575.617,59.56
1576.127,59.55
1576.637,59.55
1577.148,59.55
1577.658,59.53
1578.168,59.53
1578.679,59.53
1579.189,59.52
1579.699,59.53
1580.210,59.51
1580.720,59.51
1581.230,59.50
1581.740,59.49
1582.251,59.49
1582.760,59.49
1583.270,59.47
1583.781,59.47
1584.291,59.47
1584.801,59.47
1585.312,59.45
1585.822,59.45
1586.332,59.45
1586.843,59.44
1587.353,59.43
1587.863,59.43
1588.374,59.41
1588.884,59.41
1589.394,59.41
1589.905,59.40
1590.415,59.39
1590.925,59.38
1591.436,59.37
1591.946,59.37
1592.456,59.35
1592.967,59.35
1593.477,59.34
1593.987,59.34
1594.497,59.34
1595.008,59.34
1595.517,59.32
1596.027,59.32
1596.538,59.31
1597.048,59.30
1597.558,59.30
1598.069,59.30
1598.579,59.30
1599.089,59.28
1599.600,59.28
1600.110,59.28
1600.620,59.27
1601.131,59.27
1601.641,59.26
1602.151,59.24
1602.662,59.25
1603.172,59.24
1603.682,59.24
1604.193,59.23
1604.703,59.22
1605.213,59.22
1605.724,59.21
1606.234,59.20
1606.744,59.20
1607.255,59.19
1607.764,59.18
1608.274,59.18
1608.785,59.16
1609.295,59.16
1609.805,59.14
1610.315,59.15
1610.826,59.14
1611.336,59.13
1611.846,59.12
1612.357,59.12
1612.867,59.10
1613.377,59.10
1613.888,59.10
1614.398,59.09
1614.908,59.09
1615.419,59.08
1615.929,59.07
1616.439,59.07
1616.950,59.05
1617.460,59.05
1617.970,59.05
1618.481,59.03
1618.991,59.04
1619.501,59.03
1620.012,59.03
1620.521,59.03
1621.031,59.01
1621.542,59.01
1622.052,59.01
1622.562,58.99
1623.072,59.00
1623.583,58.99
1624.093,58.99
1624.603,58.97
1625.114,58.97
1625.624,58.97
1626.134,58.96
1626.645,58.95
1627.155,58.95
1627.665,58.94
1628.176,58.94
1628.686,58.94
1629.196,58.94
1629.707,58.93
1630.217,58.92
1630.727,58.92
1631.238,58.91
1631.748,58.90
1632.258,58.91
1632.769,58.90
1633.278,58.89
1633.788,58.89
1634.299,58.88
1634.809,58.88
1635.319,58.87
1635.830,58.86
1636.340,58.86
1636.850,58.85
1637.361,58.84
1637.871,58.84
1638.381,58.83
1638.892,58.82
1639.402,58.82
1639.912,58.81
1640.423,58.81
1640.933,58.80
1641.443,58.80
1641.953,58.79
1642.464,58.78
1642.974,58.78
1643.484,58.77
1643.995,58.76
1644.505,58.76
1645.015,58.75
1645.526,58.75
1646.035,58.75
1646.545,58.74
1647.056,58.73
1647.566,58.71
1648.076,58.71
1648.587,58.71
1649.097,58.71
1649.607,58.70
1650.118,58.69
1650.628,58.69
1651.138,58.68
1651.649,58.66
1652.159,58.67
1652.669,58.66
1653.180,58.66
1653.690,58.64
1654.200,58.64
1654.711,58.63
1655.221,58.63
1655.731,58.62
1656.242,58.62
1656.752,58.60
1657.262,58.60
1657.773,58.59
1658.283,58.58
1658.792,58.58
1659.303,58.57
1659.813,58.57
1660.323,58.56
1660.834,58.56
1661.344,58.55
1661.854,58.55
1662.365,58.55
1662.875,58.54
1663.385,58.53
1663.896,58.53
1664.406,58.52
1664.916,58.51
1665.427,58.51
1665.937,58.51
1666.447,58.49
1666.957,58.49
1667.468,58.48
1667.978,58.47
1668.488,58.47
1668.999,58.45
1669.509,58.46
1670.019,58.45
1670.530,58.45
1671.040,58.45
1671.549,58.44
1672.060,58.44
1672.570,58.42
1673.080,58.42
1673.591,58.42
1674.101,58.42
1674.611,58.42
1675.122,58.40
1675.632,58.40
1676.142,58.39
1676.653,58.38
1677.163,58.38
1677.673,58.38
1678.184,58.38
1678.694,58.36
1679.204,58.36
1679.715,58.36
1680.225,58.36
1680.735,58.35
1681.246,58.34
1681.756,58.33
1682.266,58.33
1682.777,58.33
1683.287,58.32
1683.796,58.31
1684.307,58.31
1684.817,58.30
1685.327,58.30
1685.838,58.29
1686.348,58.28
1686.858,58.28
1687.369,58.27
1687.879,58.27
1688.389,58.26
1688.900,58.26
1689.410,58.25
1689.920,58.24
1690.431,58.23
1690.941,58.22
1691.451,58.22
1691.962,58.22
1692.472,58.21
1692.982,58.20
1693.493,58.20
1694.003,58.20
1694.513,58.20
1695.024,58.19
1695.534,58.19
1696.044,58.19
1696.555,58.17
1697.064,58.17
1697.574,58.16
1698.085,58.16
1698.595,58.15
1699.105,58.14
1699.616,58.13
1700.126,58.13
1700.636,58.13
1701.147,58.13
1701.657,58.12
1702.167,58.12
1702.678,58.10
1703.188,58.10
1703.698,58.10
1704.208,58.08
1704.719,58.08
1705.229,58.08
1705.739,58.07
1706.250,58.07
1706.760,58.06
1707.270,58.06
1707.781,58.04
1708.291,58.04
1708.801,58.04
1709.312,58.04
1709.821,58.03
1710.331,58.03
1710.842,58.02
1711.352,58.01
1711.862,58.00
1712.373,57.99
1712.883,57.98
1713.393,57.98
1713.904,57.97
1714.414,57.97
1714.924,57.96
1715.434,57.96
1715.945,57.95
1716.455,57.95
1716.965,57.94
1717.476,57.93
1717.986,57.92
1718.496,57.92
1719.007,57.92
1719.517,57.91
1720.027,57.91
1720.538,57.89
1721.048,57.89
1721.558,57.89
1722.068,57.87
1722.578,57.87
1723.088,57.87
1723.598,57.86
1724.109,57.85
1724.619,57.85
1725.129,57.85
1725.640,57.85
1726.150,57.84
1726.660,57.83
1727.171,57.84
1727.681,57.83
1728.191,57.83
1728.702,57.82
1729.212,57.81
1729.722,57.80
1730.233,57.80
1730.743,57.80
1731.253,57.80
1731.764,57.79
1732.274,57.79
1732.784,57.79
1733.295,57.77
1733.805,57.77
1734.315,57.77
1734.825,57.77
1735.335,57.76
1735.845,57.75
1736.356,57.75
1736.866,57.74
1737.376,57.73
1737.887,57.73
1738.397,57.73
1738.907,57.72
1739.417,57.72
1739.928,57.71
1740.438,57.70
1740.948,57.70
1741.459,57.70
1741.969,57.68
1742.479,57.68
1742.990,57.67
1743.500,57.66
1744.010,57.66
1744.521,57.66
1745.031,57.65
1745.541,57.65
1746.051,57.64
1746.562,57.63
1747.072,57.63
1747.581,57.63
1748.092,57.61
1748.602,57.62
1749.112,57.61
1749.623,57.60
1750.133,57.60
1750.643,57.59
1751.154,57.58
1751.664,57.58
1752.174,57.57
1752.685,57.57
1753.195,57.56
1753.705,57.55
1754.216,57.55
1754.726,57.54
1755.236,57.53
1755.747,57.53
1756.257,57.52
1756.767,57.52
1757.278,57.51
1757.788,57.50
1758.298,57.50
1758.809,57.49
1759.319,57.48
1759.828,57.48
1760.338,57.47
1760.849,57.47
1761.359,57.46
1761.869,57.46
1762.380,57.45
1762.890,57.44
1763.400,57.44
1763.911,57.44
1764.421,57.43
1764.931,57.43
1765.442,57.43
1765.952,57.41
1766.462,57.42
1766.973,57.41
1767.483,57.39
1767.993,57.40
1768.504,57.38
1769.014,57.38
1769.524,57.37
1770.035,57.37
1770.545,57.36
1771.055,57.36
1771.566,57.34
1772.076,57.34
1772.585,57.34
1773.096,57.32
1773.606,57.31
1774.116,57.31
1774.627,57.30
1775.137,57.29
1775.647,57.29
1776.158,57.28
1776.668,57.28
1777.178,57.27
1777.689,57.26
1778.199,57.26
1778.709,57.26
1779.220,57.25
1779.730,57.24
1780.240,57.23
1780.751,57.23
1781.261,57.23
1781.771,57.23
1782.282,57.22
1782.792,57.21
1783.302,57.21
1783.813,57.20
1784.323,57.19
1784.833,57.18
1785.344,57.18
1785.853,57.17
1786.363,57.16
1786.874,57.15
1787.384,57.15
1787.894,57.15
1788.405,57.14
1788.915,57.13
1789.425,57.13
1789.936,57.12
1790.446,57.13
1790.956,57.10
1791.467,57.11
1791.977,57.11
1792.487,57.10
1792.998,57.10
1793.508,57.09
1794.018,57.08
1794.528,57.08
1795.039,57.07
1795.549,57.06
1796.059,57.06
1796.570,57.05
1797.080,57.05
1797.590,57.05
1798.100,57.03
1798.610,57.03
1799.120,57.03
1799.631,57.02
1800.141,57.02
1800.651,57.01
1801.162,57.01
1801.672,57.00
1802.182,57.00
1802.693,57.00
1803.203,56.99
1803.713,56.98
1804.224,56.98
1804.734,56.98
1805.244,56.98
1805.754,56.97
1806.265,56.96
1806.775,56.95
1807.285,56.95
1807.796,56.95
1808.306,56.94
1808.816,56.93
1809.327,56.92
1809.837,56.92
1810.347,56.91
1810.857,56.90
1811.367,56.90
1811.877,56.90
1812.388,56.89
1812.898,56.88
1813.408,56.88
1813.919,56.87
1814.429,56.86
1814.939,56.87
1815.450,56.85
1815.960,56.84
1816.470,56.84
1816.981,56.84
1817.491,56.82
1818.001,56.82
1818.512,56.81
1819.022,56.80
1819.532,56.80
1820.043,56.79
1820.553,56.79
1821.063,56.78
1821.573,56.77
1822.084,56.77
1822.594,56.76
1823.104,56.75
1823.614,56.74
1824.124,56.74
1824.634,56.73
1825.145,56.72
1825.655,56.72
1826.165,56.71
1826.676,56.70
1827.186,56.70
1827.696,56.68
1828.207,56.69
1828.717,56.68
1829.227,56.67
1829.738,56.67
1830.248,56.66
1830.758,56.64
1831.269,56.64
1831.779,56.64
1832.289,56.64
1832.800,56.63
1833.310,56.63
1833.820,56.63
1834.331,56.62
1834.841,56.61
1835.351,56.61
1835.862,56.60
1836.371,56.60
1836.881,56.59
1837.392,56.59
1837.902,56.58
1838.412,56.57
1838.922,56.56
1839.433,56.56
1839.943,56.56
1840.453,56.55
1840.964,56.55
1841.474,56.54
1841.984,56.54
1842.495,56.53
1843.005,56.52
1843.515,56.52
1844.026,56.50
1844.536,56.50
1845.046,56.50
1845.557,56.49
1846.067,56.49
1846.577,56.49
1847.088,56.47
1847.598,56.47
1848.108,56.46
1848.619,56.46
1849.128,56.45
1849.638,56.45
1850.149,56.45
1850.659,56.44
1851.169,56.44
1851.679,56.43
1852.190,56.42
1852.700,56.41
1853.210,56.41
1853.721,56.41
1854.231,56.40
1854.741,56.39
1855.252,56.39
1855.762,56.39
1856.272,56.38
1856.783,56.38
1857.293,56.36
1857.803,56.35
1858.314,56.35
1858.824,56.35
1859.334,56.34
1859.845,56.33
1860.355,56.33
1860.865,56.32
1861.376,56.31
1861.885,56.31
1862.395,56.30
1862.906,56.30
1863.416,56.29
1863.926,56.28
1864.436,56.28
1864.947,56.27
1865.457,56.27
1865.967,56.25
1866.478,56.25
1866.988,56.24
1867.498,56.24
1868.009,56.24
1868.519,56.23
1869.029,56.22
1869.540,56.22
1870.050,56.22
1870.560,56.21
1871.071,56.20
1871.581,56.21
1872.091,56.19
1872.602,56.19
1873.112,56.18
1873.622,56.18
1874.132,56.18
1874.642,56.18
1875.152,56.17
1875.663,56.17
1876.173,56.16
1876.683,56.15
1877.193,56.16
1877.704,56.14
1878.214,56.14
1878.724,56.14
1879.235,56.13
1879.745,56.13
1880.255,56.12
1880.766,56.12
1881.276,56.11
1881.786,56.11
1882.297,56.11
1882.807,56.10
1883.317,56.10
1883.828,56.09
1884.338,56.09
1884.848,56.08
1885.359,56.08
1885.869,56.08
1886.379,56.07
1886.889,56.07
1887.399,56.07
1887.909,56.06
1888.420,56.07
1888.930,56.05
1889.440,56.05
1889.950,56.05
1890.461,56.04
1890.971,56.04
1891.481,56.03
1891.992,56.03
1892.502,56.02
1893.012,56.02
1893.523,56.01
1894.033,56.01
1894.543,56.00
1895.054,55.99
1895.564,56.00
1896.074,55.98
1896.585,55.98
1897.095,55.98
1897.605,55.98
1898.116,55.96
1898.626,55.96
1899.136,55.96
1899.646,55.96
1900.156,55.95
1900.666,55.95
1901.176,55.94
1901.687,55.93
1902.197,55.92
1902.707,55.93
1903.218,55.92
1903.728,55.92
1904.238,55.91
1904.749,55.90
1905.259,55.91
1905.769,55.90
1906.280,55.90
1906.790,55.89
1907.300,55.89
1907.811,55.89
1908.321,55.88
1908.831,55.88
1909.342,55.87
1909.852,55.86
1910.362,55.86
1910.873,55.86
1911.383,55.86
1911.892,55.84
1912.402,55.84
1912.913,55.83
1913.423,55.83
1913.933,55.83
1914.444,55.81
1914.954,55.81
1915.464,55.80
1915.975,55.80
1916.485,55.79
1916.995,55.79
1917.506,55.77
1918.016,55.77
1918.526,55.76
1919.037,55.75
1919.547,55.74
1920.057,55.72
1920.568,55.72
1921.078,55.71
1921.588,55.70
1922.099,55.69
1922.609,55.68
1923.119,55.67
1923.629,55.66
1924.140,55.65
1924.649,55.63
1925.159,55.62
1925.670,55.61
1926.180,55.59
1926.690,55.59
1927.201,55.58
1927.711,55.57
1928.221,55.56
1928.732,55.54
1929.242,55.54
1929.752,55.53
1930.263,55.52
1930.773,55.51
1931.283,55.50
1931.794,55.50
1932.304,55.50
1932.814,55.48
1933.325,55.47
1933.835,55.46
1934.345,55.45
1934.856,55.45
1935.366,55.44
1935.876,55.44
1936.386,55.43
1936.897,55.43
1937.406,55.43
1937.916,55.41
1938.427,55.41
1938.937,55.40
1939.447,55.39
1939.958,55.38
1940.468,55.37
1940.978,55.37
1941.489,55.36
1941.999,55.35
1942.509,55.36
1943.020,55.35
1943.530,55.34
1944.040,55.34
1944.551,55.33
1945.061,55.32
1945.571,55.32
1946.082,55.32
1946.592,55.31
1947.102,55.30
1947.612,55.29
1948.123,55.29
1948.633,55.28
1949.143,55.29
1949.654,55.27
1950.163,55.27
1950.673,55.26
1951.184,55.26
1951.694,55.25
1952.204,55.24
1952.715,55.24
1953.225,55.24
1953.735,55.24
1954.246,55.24
1954.756,55.24
1955.266,55.24
1955.777,55.24
1956.287,55.24
1956.797,55.24
1957.308,55.24
1957.818,55.22
1958.328,55.23
1958.838,55.23
1959.349,55.22
1959.859,55.22
1960.369,55.22
1960.880,55.21
1961.390,55.21
1961.900,55.21
1962.411,55.20
1962.920,55.19
1963.430,55.19
1963.941,55.18
1964.451,55.18
1964.961,55.18
1965.472,55.18
1965.982,55.17
1966.492,55.16
1967.003,55.16
1967.513,55.16
1968.023,55.16
1968.534,55.15
1969.044,55.15
1969.554,55.14
1970.064,55.14
1970.575,55.13
1971.085,55.13
1971.595,55.12
1972.106,55.12
1972.616,55.12
1973.126,55.12
1973.637,55.11
1974.147,55.11
1974.657,55.11
1975.168,55.10
1975.677,55.09
1976.187,55.09
1976.698,55.09
1977.208,55.07
1977.718,55.07
1978.229,55.07
1978.739,55.06
1979.249,55.06
1979.759,55.06
1980.270,55.05
1980.780,55.05
1981.290,55.05
1981.801,55.03
1982.311,55.03
1982.821,55.03
1983.332,55.02
1983.842,55.02
1984.352,55.01
1984.863,55.01
1985.373,55.00
1985.883,55.00
1986.394,54.99
1986.904,54.99
1987.414,54.98
1987.923,54.98
1988.434,54.98
1988.944,54.97
1989.454,54.96
1989.965,54.95
1990.475,54.96
1990.985,54.95
1991.496,54.95
1992.006,54.94
1992.516,54.93
1993.027,54.92
1993.537,54.92
1994.047,54.91
1994.558,54.91
1995.068,54.90
1995.578,54.89
1996.088,54.89
1996.599,54.88
1997.109,54.88
1997.619,54.88
1998.130,54.87
1998.640,54.86
1999.150,54.86
1999.661,54.85
2000.171,54.85
2000.680,54.85
2001.191,54.84
2001.701,54.84
2002.211,54.83
2002.722,54.82
2003.232,54.82
2003.742,54.81
2004.253,54.80
2004.763,54.80
2005.273,54.79
2005.783,54.79
2006.294,54.78
2006.804,54.78
2007.314,54.78
2007.825,54.77
2008.335,54.77
2008.845,54.76
2009.356,54.76
2009.866,54.76
2010.376,54.76
2010.887,54.75
2011.397,54.75
2011.907,54.75
2012.418,54.74
2012.928,54.75
2013.437,54.74
2013.948,54.74
2014.458,54.74
2014.968,54.72
2015.479,54.73
2015.989,54.72
2016.499,54.72
2017.009,54.72
2017.520,54.71
2018.030,54.71
2018.540,54.71
2019.051,54.70
2019.561,54.70
2020.071,54.69
2020.582,54.69
2021.092,54.69
2021.602,54.68
2022.113,54.68
2022.623,54.68
2023.133,54.67
2023.644,54.67
2024.154,54.67
2024.664,54.65
2025.174,54.65
2025.684,54.65
2026.194,54.65
2026.704,54.64
2027.215,54.64
2027.725,54.64
2028.235,54.64
2028.746,54.63
2029.256,54.62
2029.766,54.62
2030.277,54.62
2030.787,54.61
2031.297,54.62
2031.808,54.60
2032.318,54.60
2032.828,54.60
2033.339,54.60
2033.849,54.59
2034.359,54.59
2034.869,54.58
2035.380,54.58
2035.890,54.57
2036.400,54.57
2036.911,54.57
2037.421,54.57
2037.931,54.56
2038.441,54.56
2038.951,54.56
2039.461,54.56
2039.972,54.56
2040.482,54.54
2040.992,54.54
2041.503,54.54
2042.013,54.54
2042.523,54.54
2043.034,54.53
2043.544,54.53
2044.054,54.53
2044.565,54.53
2045.075,54.52
2045.585,54.51
2046.095,54.50
2046.606,54.50
2047.116,54.50
2047.626,54.50
2048.137,54.49
2048.647,54.48
2049.157,54.48
2049.668,54.47
2050.178,54.46
2050.688,54.46
2051.198,54.45
2051.708,54.45
2052.218,54.43
2052.729,54.43
2053.239,54.43
2053.749,54.42
2054.260,54.42
2054.770,54.40
2055.280,54.40
2055.790,54.40
2056.301,54.39
2056.811,54.39
2057.321,54.39
2057.832,54.38
2058.342,54.38
2058.852,54.37
2059.363,54.37
2059.873,54.36
2060.383,54.35
2060.894,54.36
2061.404,54.34
2061.914,54.34
2062.425,54.34
2062.935,54.33
2063.444,54.33
2063.955,54.32
2064.465,54.31
2064.975,54.31
2065.485,54.30
2065.996,54.30
2066.506,54.29
2067.016,54.28
2067.527,54.28
2068.037,54.28
2068.547,54.27
2069.058,54.27
2069.568,54.25
2070.078,54.25
2070.589,54.24
2071.099,54.23
2071.609,54.23
2072.120,54.23
2072.630,54.22
2073.140,54.21
2073.651,54.20
2074.161,54.20
2074.671,54.20
2075.181,54.20
2075.692,54.19
2076.201,54.18
2076.711,54.18
2077.222,54.17
2077.732,54.16
2078.242,54.16
2078.753,54.16
2079.263,54.16
2079.773,54.15
2080.284,54.14
2080.794,54.14
2081.304,54.13
2081.815,54.12
2082.325,54.12
2082.835,54.12
2083.346,54.12
2083.856,54.11
2084.366,54.09
2084.877,54.09
2085.387,54.09
2085.897,54.09
2086.407,54.08
2086.918,54.07
2087.428,54.07
2087.938,54.07
2088.449,54.07
2088.958,54.06
2089.468,54.05
2089.979,54.05
2090.489,54.04
2090.999,54.04
2091.510,54.03
2092.020,54.03
2092.530,54.03
2093.040,54.02
2093.551,54.01
2094.061,54.01
2094.571,54.01
2095.082,54.00
2095.592,54.00
2096.102,54.00
2096.613,53.98
2097.123,53.98
2097.633,53.97
2098.144,53.97
2098.654,53.96
2099.164,53.96
2099.674,53.94
2100.185,53.94
2100.695,53.94
2101.204,53.94
2101.715,53.93
2102.225,53.92
2102.735,53.92
2103.246,53.92
2103.756,53.90
2104.266,53.90
2104.777,53.90
2105.287,53.89
2105.797,53.89
2106.308,53.88
2106.818,53.88
2107.328,53.88
2107.838,53.88
2108.349,53.87
2108.859,53.86
2109.369,53.86
2109.880,53.86
2110.390,53.85
2110.900,53.85
2111.411,53.84
2111.921,53.84
2112.431,53.82
2112.942,53.82
2113.452,53.82
2113.961,53.81
2114.472,53.80
2114.982,53.80
2115.492,53.79
2116.002,53.79
2116.513,53.79
2117.023,53.77
2117.533,53.78
2118.044,53.77
2118.554,53.76
2119.064,53.76
2119.575,53.75
2120.085,53.75
2120.595,53.75
2121.106,53.73
2121.616,53.73
2122.126,53.72
2122.637,53.73
2123.147,53.72
2123.657,53.71
2124.167,53.71
2124.678,53.71
2125.188,53.71
2125.698,53.70
2126.209,53.69
2126.718,53.69
2127.228,53.69
2127.739,53.68
2128.249,53.68
2128.759,53.67
2129.270,53.67
2129.780,53.67
2130.290,53.66
2130.801,53.65
2131.311,53.65
2131.821,53.65
2132.332,53.65
2132.842,53.65
2133.352,53.64
2133.862,53.64
2134.373,53.63
2134.883,53.63
2135.393,53.63
2135.904,53.63
2136.414,53.62
2136.924,53.62
2137.435,53.61
2137.945,53.61
2138.455,53.61
2138.966,53.61
2139.475,53.60
2139.985,53.60
2140.496,53.60
2141.006,53.59
2141.516,53.59
2142.026,53.57
2142.537,53.57
2143.047,53.57
2143.557,53.56
2144.068,53.56
2144.578,53.56
2145.088,53.55
2145.599,53.55
2146.109,53.54
2146.619,53.54
2147.130,53.54
2147.640,53.53
2148.150,53.53
2148.661,53.53
2149.171,53.52
2149.681,53.52
2150.192,53.52
2150.702,53.51
2151.212,53.51
2151.721,53.50
2152.232,53.51
2152.742,53.50
2153.252,53.50
2153.763,53.49
2154.273,53.49
2154.783,53.48
2155.294,53.48
2155.804,53.47
2156.314,53.46
2156.825,53.46
2157.335,53.46
2157.845,53.44
2158.356,53.44
2158.866,53.44
2159.376,53.44
2159.886,53.43
2160.397,53.43
2160.907,53.42
2161.417,53.42
2161.928,53.42
2162.438,53.42
2162.948,53.41
2163.459,53.41
2163.969,53.40
2164.478,53.40
2164.989,53.40
2165.499,53.38
2166.009,53.38
2166.520,53.38
2167.030,53.37
2167.540,53.37
2168.050,53.37
2168.561,53.37
2169.071,53.35
2169.581,53.36
2170.092,53.35
2170.602,53.34
2171.112,53.34
2171.623,53.34
2172.133,53.33
2172.643,53.33
2173.154,53.32
2173.664,53.32
2174.174,53.32
2174.685,53.31
2175.195,53.31
2175.705,53.30
2176.215,53.29
2176.726,53.29
2177.235,53.28
2177.745,53.27
2178.256,53.26
2178.766,53.26
2179.276,53.25
2179.787,53.24
2180.297,53.24
2180.807,53.24
2181.318,53.23
2181.828,53.22
2182.338,53.22
2182.849,53.21
2183.359,53.20
2183.869,53.20
2184.379,53.19
2184.890,53.19
2185.400,53.18
2185.910,53.17
2186.421,53.17
2186.931,53.16
2187.441,53.16
2187.952,53.15
2188.462,53.14
2188.972,53.15
2189.483,53.14
2189.992,53.14
2190.502,53.13
2191.013,53.12
2191.523,53.12
2192.033,53.12
2192.544,53.11
2193.054,53.11
2193.564,53.10
2194.074,53.09
2194.585,53.09
2195.095,53.09
2195.605,53.09
2196.116,53.08
2196.626,53.07
2197.136,53.07
2197.647,53.06
2198.157,53.06
2198.667,53.07
2199.178,53.06
2199.688,53.06
2200.198,53.05
2200.708,53.05
2201.219,53.05
2201.729,53.04
2202.238,53.04
2202.749,53.04
2203.259,53.03
2203.769,53.03
2204.280,53.02
2204.790,53.02
2205.300,53.02
2205.810,53.01
2206.321,53.01
2206.831,53.01
2207.341,53.01
2207.852,53.01
2208.362,52.99
2208.872,53.00
2209.383,52.99
2209.893,52.99
2210.403,52.98
2210.914,52.98
2211.424,52.98
2211.934,52.97
2212.444,52.96
2212.955,52.96
2213.465,52.96
2213.975,52.95
2214.486,52.95
2214.995,52.95
2215.505,52.94
2216.016,52.93
2216.526,52.93
2217.036,52.93
2217.547,52.92
2218.057,52.92
2218.567,52.92
2219.078,52.92
2219.588,52.91
2220.098,52.92
2220.608,52.91
2221.119,52.91
2221.629,52.91
2222.139,52.91
2222.650,52.90
2223.160,52.90
2223.670,52.89
2224.181,52.90
2224.691,52.89
2225.201,52.88
2225.711,52.88
2226.222,52.88
2226.732,52.88
2227.241,52.87
2227.752,52.86
2228.262,52.87
2228.772,52.87
2229.283,52.86
2229.793,52.86
2230.303,52.86
2230.814,52.85
2231.324,52.85
2231.834,52.83
2232.345,52.84
2232.855,52.84
2233.365,52.83
2233.875,52.83
2234.386,52.82
2234.896,52.81
2235.406,52.81
2235.917,52.81
2236.427,52.80
2236.937,52.80
2237.448,52.78
2237.958,52.78
2238.468,52.78
2238.979,52.77
2239.489,52.77
2239.998,52.76
2240.509,52.75
2241.019,52.75
2241.529,52.75
2242.039,52.75
2242.550,52.74
2243.060,52.73
2243.570,52.73
2244.081,52.73
2244.591,52.72
2245.101,52.72
2245.612,52.71
2246.122,52.71
2246.632,52.71
2247.143,52.71
2247.653,52.70
2248.163,52.70
2248.674,52.68
2249.184,52.69
2249.694,52.68
2250.204,52.67
2250.715,52.67
2251.225,52.67
2251.735,52.66
2252.246,52.66
2252.755,52.65
2253.265,52.64
2253.776,52.64
2254.286,52.63
2254.796,52.62
2255.307,52.62
2255.817,52.61
2256.327,52.61
2256.838,52.60
2257.348,52.60
2257.858,52.59
2258.368,52.57
2258.879,52.57
2259.389,52.57
2259.899,52.56
2260.410,52.56
2260.920,52.55
2261.430,52.55
2261.941,52.54
2262.451,52.52
2262.961,52.52
2263.472,52.51
2263.982,52.50
2264.492,52.50
2265.001,52.50
2265.512,52.48
2266.022,52.47
2266.532,52.47
2267.043,52.46
2267.553,52.45
2268.063,52.44
2268.574,52.44
2269.084,52.43
2269.594,52.43
2270.105,52.42
2270.615,52.42
2271.125,52.41
2271.635,52.41
2272.146,52.40
2272.656,52.40
2273.166,52.39
2273.677,52.38
2274.187,52.38
2274.697,52.38
2275.208,52.36
2275.718,52.36
2276.228,52.35
2276.739,52.35
2277.249,52.34
2277.758,52.34
2278.269,52.33
2278.779,52.33
2279.289,52.32
2279.799,52.33
2280.310,52.32
2280.820,52.31
2281.330,52.31
2281.841,52.30
2282.351,52.30
2282.861,52.30
2283.372,52.30
2283.882,52.29
2284.392,52.29
2284.903,52.28
2285.413,52.28
2285.923,52.28
2286.433,52.27
2286.944,52.27
2287.454,52.27
2287.964,52.27
2288.475,52.27
2288.985,52.26
2289.495,52.26
2290.006,52.26
2290.515,52.24
2291.025,52.24
2291.536,52.24
2292.046,52.24
2292.556,52.24
2293.066,52.23
2293.577,52.23
2294.087,52.23
2294.597,52.22
2295.108,52.22
2295.618,52.21
2296.128,52.20
2296.639,52.21
2297.149,52.19
2297.659,52.20
2298.170,52.20
2298.680,52.19
2299.190,52.18
2299.700,52.18
2300.211,52.18
2300.721,52.18
2301.231,52.17
2301.742,52.18
2302.252,52.16
2302.761,52.16
2303.272,52.16
2303.782,52.15
2304.292,52.15
2304.803,52.15
2305.313,52.15
2305.823,52.15
2306.333,52.14
2306.844,52.14
2307.354,52.13
2307.864,52.13
2308.375,52.12
2308.885,52.13
2309.395,52.12
2309.906,52.12
2310.416,52.11
2310.926,52.11
2311.437,52.11
2311.947,52.10
2312.457,52.10
2312.968,52.09
2313.478,52.09
2313.988,52.09
2314.498,52.08
2315.009,52.07
2315.518,52.07
2316.028,52.07
2316.539,52.06
2317.049,52.05
2317.559,52.05
2318.069,52.05
2318.580,52.05
2319.090,52.05
2319.600,52.04
2320.111,52.04
2320.621,52.03
2321.131,52.03
2321.642,52.03
2322.152,52.02
2322.662,52.01
2323.172,52.01
2323.683,52.01
2324.193,52.00
2324.703,52.00
2325.214,52.00
2325.724,51.99
2326.234,51.99
2326.745,51.99
2327.255,51.99
2327.764,51.98
2328.274,51.98
2328.785,51.98
2329.295,51.96
2329.805,51.96
2330.316,51.96
2330.826,51.95
2331.336,51.95
2331.847,51.94
2332.357,51.94
2332.867,51.94
2333.378,51.93
2333.888,51.94
2334.398,51.93
2334.908,51.93
2335.419,51.93
2335.929,51.92
2336.439,51.91
2336.950,51.91
2337.460,51.91
2337.970,51.90
2338.481,51.90
2338.991,51.90
2339.501,51.89
2340.012,51.88
2340.521,51.88
2341.031,51.88
2341.541,51.88
2342.052,51.87
2342.562,51.87
2343.072,51.86
2343.583,51.87
2344.093,51.86
2344.603,51.86
2345.114,51.85
2345.624,51.85
2346.134,51.85
2346.644,51.84
2347.155,51.84
2347.665,51.84
2348.175,51.84
2348.686,51.82
2349.196,51.82
2349.706,51.82
2350.217,51.81
2350.727,51.81
2351.237,51.81
2351.748,51.81
2352.258,51.80
2352.768,51.80
2353.277,51.80
2353.788,51.79
2354.298,51.79
2354.808,51.78
2355.319,51.78
2355.829,51.77
2356.339,51.77
2356.850,51.76
2357.360,51.75
2357.870,51.75
2358.381,51.75
2358.891,51.74
2359.401,51.74
2359.911,51.73
2360.422,51.73
2360.932,51.73
2361.442,51.72
2361.953,51.71
2362.463,51.72
2362.973,51.70
2363.484,51.70
2363.994,51.71
2364.504,51.69
2365.015,51.69
2365.524,51.69
2366.034,51.68
2366.545,51.69
2367.055,51.69
2367.565,51.67
2368.075,51.67
2368.586,51.67
2369.096,51.67
2369.606,51.66
2370.117,51.66
2370.627,51.66
2371.137,51.65
2371.648,51.65
2372.158,51.65
2372.668,51.64
2373.179,51.63
2373.689,51.64
2374.199,51.64
2374.709,51.63
2375.220,51.63
2375.730,51.62
2376.240,51.62
2376.751,51.61
2377.261,51.61
2377.771,51.61
2378.281,51.60
2378.791,51.60
2379.301,51.59
2379.812,51.59
2380.322,51.59
2380.832,51.58
2381.343,51.58
2381.853,51.58
2382.363,51.58
2382.873,51.57
2383.384,51.57
2383.894,51.57
2384.404,51.56
2384.915,51.55
2385.425,51.55
2385.935,51.55
2386.446,51.54
2386.956,51.54
2387.466,51.54
2387.977,51.54
2388.487,51.53
2388.997,51.52
2389.508,51.52
2390.018,51.52
2390.528,51.51
2391.038,51.52
2391.548,51.51
2392.058,51.51
2392.568,51.51
2393.079,51.49
2393.589,51.49
2394.099,51.49
2394.610,51.48
2395.120,51.47
2395.630,51.47
2396.141,51.46
2396.651,51.47
2397.161,51.46
2397.672,51.45
2398.182,51.45
2398.692,51.44
2399.202,51.44
2399.713,51.44
2400.223,51.43
2400.733,51.43
2401.244,51.42
2401.754,51.42
2402.264,51.41
2402.775,51.40
2403.284,51.40
2403.794,51.39
2404.305,51.38
2404.815,51.38
2405.325,51.37
2405.836,51.37
2406.346,51.37
2406.856,51.36
2407.366,51.36
2407.877,51.36
2408.387,51.35
2408.897,51.34
2409.408,51.33
2409.918,51.33
2410.428,51.32
2410.939,51.32
2411.449,51.32
2411.959,51.32
2412.470,51.31
2412.980,51.31
2413.490,51.30
2414.001,51.29
2414.511,51.29
2415.021,51.29
2415.531,51.28
2416.041,51.28
2416.551,51.27
2417.061,51.27
2417.572,51.27
2418.082,51.26
2418.592,51.26
2419.103,51.25
2419.613,51.25
2420.123,51.25
2420.634,51.24
2421.144,51.23
2421.654,51.24
2422.165,51.23
2422.675,51.22
2423.185,51.23
2423.696,51.22
2424.206,51.21
2424.716,51.21
2425.226,51.20
2425.737,51.20
2426.247,51.20
2426.757,51.19
2427.268,51.19
2427.778,51.19
2428.288,51.19
2428.798,51.18
2429.308,51.17
2429.818,51.17
2430.329,51.17
2430.839,51.16
2431.349,51.17
2431.860,51.16
2432.370,51.16
2432.880,51.16
2433.391,51.15
2433.901,51.14
2434.411,51.14
2434.921,51.14
2435.432,51.13
2435.942,51.13
2436.452,51.13
2436.963,51.13
2437.473,51.12
2437.983,51.11
2438.494,51.11
2439.004,51.11
2439.514,51.11
2440.025,51.10
2440.535,51.09
2441.044,51.08
2441.555,51.08
2442.065,51.08
2442.575,51.07
2443.085,51.07
2443.596,51.07
2444.106,51.06
2444.616,51.06
2445.127,51.06
2445.637,51.05
2446.147,51.05
2446.658,51.04
2447.168,51.04
2447.678,51.03
2448.189,51.03
2448.699,51.03
2449.209,51.02
2449.719,51.02
2450.230,51.01
2450.740,51.01
2451.250,51.00
2451.761,51.00
2452.271,50.99
2452.781,50.99
2453.292,50.98
2453.801,50.98
2454.311,50.97
2454.822,50.96
2455.332,50.96
2455.842,50.95
2456.353,50.94
2456.863,50.94
2457.373,50.93
2457.883,50.92
2458.394,50.92
2458.904,50.90
2459.414,50.90
2459.925,50.90
2460.435,50.89
2460.945,50.88
2461.456,50.87
2461.966,50.86
2462.476,50.86
2462.987,50.85
2463.497,50.85
2464.007,50.84
2464.517,50.83
2465.028,50.82
2465.538,50.82
2466.048,50.81
2466.558,50.81
2467.068,50.80
2467.578,50.79
2468.089,50.79
2468.599,50.78
2469.109,50.78
2469.620,50.77
2470.130,50.77
2470.640,50.76
2471.150,50.76
2471.661,50.75
2472.171,50.75
2472.681,50.74
2473.192,50.73
2473.702,50.73
2474.212,50.73
2474.723,50.73
2475.233,50.72
2475.743,50.72
2476.254,50.72
2476.764,50.72
2477.274,50.72
2477.785,50.71
2478.295,50.71
2478.804,50.70
2479.315,50.70
2479.825,50.70
2480.335,50.69
2480.845,50.69
2481.356,50.68
2481.866,50.68
2482.376,50.68
2482.887,50.68
2483.397,50.67
2483.907,50.67
2484.418,50.67
2484.928,50.67
2485.438,50.66
2485.949,50.64
2486.459,50.66
2486.969,50.65
2487.479,50.64
2487.990,50.64
2488.500,50.63
2489.010,50.63
2489.521,50.62
2490.031,50.61
2490.541,50.61
2491.052,50.60
2491.561,50.60
2492.071,50.60
2492.582,50.58
2493.092,50.58
2493.602,50.58
2494.112,50.57
2494.623,50.56
2495.133,50.56
2495.643,50.55
2496.154,50.55
2496.664,50.55
2497.174,50.53
2497.685,50.53
2498.195,50.52
2498.705,50.52
2499.216,50.51
2499.726,50.51
2500.236,50.50
2500.746,50.50
2501.257,50.49
2501.767,50.49
2502.277,50.48
2502.788,50.48
2503.298,50.48
2503.808,50.47
2504.318,50.47
2504.828,50.46
2505.338,50.46
2505.849,50.45
2506.359,50.46
2506.869,50.45
2507.380,50.45
2507.890,50.44
2508.400,50.45
2508.910,50.44
2509.421,50.44
2509.931,50.44
2510.441,50.43
2510.952,50.42
2511.462,50.42
2511.972,50.42
2512.483,50.42
2512.993,50.42
2513.503,50.41
2514.014,50.41
2514.524,50.41
2515.034,50.40
2515.544,50.40
2516.055,50.40
2516.564,50.39
2517.074,50.39
2517.585,50.39
2518.095,50.38
2518.605,50.38
2519.116,50.37
2519.626,50.37
2520.136,50.37
2520.647,50.37
2521.157,50.36
2521.667,50.36
2522.177,50.35
2522.688,50.35
2523.198,50.35
2523.708,50.35
2524.219,50.34
2524.729,50.34
2525.239,50.34
2525.750,50.33
2526.260,50.32
2526.770,50.33
2527.281,50.31
2527.791,50.31
2528.301,50.31
2528.812,50.30
2529.321,50.30
2529.831,50.30
2530.341,50.29
2530.852,50.30
2531.362,50.28
2531.872,50.28
2532.383,50.28
2532.893,50.28
2533.403,50.27
2533.914,50.27
2534.424,50.27
2534.934,50.27
2535.444,50.26
2535.955,50.26
2536.465,50.26
2536.975,50.25
2537.486,50.25
2537.996,50.24
2538.506,50.24
2539.017,50.25
2539.527,50.24
2540.037,50.23
2540.548,50.23
2541.058,50.23
2541.568,50.22
2542.078,50.22
2542.588,50.21
2543.098,50.21
2543.608,50.21
2544.119,50.20
2544.629,50.21
2545.139,50.20
2545.650,50.20
2546.160,50.19
2546.670,50.20
2547.181,50.19
2547.691,50.19
2548.201,50.19
2548.711,50.19
2549.222,50.18
2549.732,50.18
2550.242,50.18
2550.753,50.17
2551.263,50.17
2551.773,50.17
2552.284,50.16
2552.794,50.16
2553.304,50.15
2553.815,50.15
2554.324,50.15
2554.834,50.15
2555.345,50.14
2555.855,50.14
2556.365,50.13
2556.875,50.13
2557.386,50.13
2557.896,50.12
2558.406,50.12
2558.917,50.12
2559.427,50.11
2559.937,50.12
2560.448,50.11
2560.958,50.11
2561.468,50.12
2561.979,50.10
2562.489,50.10
2562.999,50.10
2563.509,50.10
2564.020,50.10
2564.530,50.10
2565.040,50.09
2565.551,50.09
2566.061,50.09
2566.571,50.09
2567.081,50.09
2567.591,50.08
2568.101,50.08
2568.611,50.08
2569.122,50.07
2569.632,50.07
2570.142,50.06
2570.653,50.07
2571.163,50.05
2571.673,50.05
2572.184,50.04
2572.694,50.04
2573.204,50.03
2573.714,50.03
2574.225,50.02
2574.735,50.02
2575.245,50.02
2575.756,50.01
2576.266,50.01
2576.776,50.00
2577.287,50.00
2577.797,49.99
2578.307,49.99
2578.817,49.98
2579.328,49.98
2579.837,49.98
2580.347,49.97
2580.858,49.97
2581.368,49.96
2581.878,49.96
2582.389,49.96
2582.899,49.95
2583.409,49.94
2583.920,49.94
2584.430,49.94
2584.940,49.93
2585.450,49.93
2585.961,49.93
2586.471,49.92
2586.981,49.91
2587.492,49.91
2588.002,49.90
2588.512,49.90
2589.023,49.90
2589.533,49.89
2590.043,49.89
2590.553,49.89
2591.064,49.88
2591.574,49.88
2592.083,49.88
2592.594,49.87
2593.104,49.87
2593.614,49.87
2594.125,49.86
2594.635,49.86
2595.145,49.86
2595.655,49.85
2596.166,49.85
2596.676,49.85
2597.186,49.84
2597.697,49.85
2598.207,49.83
2598.717,49.84
2599.228,49.83
2599.738,49.83
2600.248,49.83
2600.759,49.82
2601.269,49.81
2601.779,49.80
2602.289,49.80
2602.800,49.80
2603.310,49.80
2603.820,49.79
2604.331,49.79
2604.840,49.78
2605.350,49.78
2605.861,49.78
2606.371,49.77
2606.881,49.77
2607.391,49.77
2607.902,49.75
2608.412,49.75
2608.922,49.75
2609.433,49.75
2609.943,49.75
2610.453,49.74
2610.964,49.74
2611.474,49.73
2611.984,49.73
2612.495,49.72
2613.005,49.72
2613.515,49.72
2614.025,49.71
2614.536,49.71
2615.046,49.70
2615.556,49.70
2616.067,49.69
2616.577,49.68
2617.086,49.69
2617.597,49.68
2618.107,49.68
2618.617,49.67
2619.128,49.67
2619.638,49.66
2620.148,49.66
2620.658,49.65
2621.169,49.65
2621.679,49.64
2622.189,49.63
2622.700,49.63
2623.210,49.63
2623.720,49.62
2624.231,49.62
2624.741,49.61
2625.251,49.61
2625.762,49.60
2626.272,49.59
2626.782,49.60
2627.292,49.60
2627.803,49.59
2628.313,49.58
2628.823,49.58
2629.334,49.57
2629.843,49.57
2630.353,49.56
2630.864,49.55
2631.374,49.56
2631.884,49.55
2632.395,49.55
2632.905,49.55
2633.415,49.54
2633.925,49.53
2634.436,49.53
2634.946,49.52
2635.456,49.52
2635.967,49.51
2636.477,49.50
2636.987,49.50
2637.498,49.49
2638.008,49.49
2638.518,49.49
2639.028,49.48
2639.539,49.47
2640.049,49.47
2640.559,49.46
2641.070,49.46
2641.580,49.45
2642.089,49.45
2642.600,49.44
2643.110,49.44
2643.620,49.43
2644.131,49.43
2644.641,49.43
2645.151,49.42
2645.661,49.43
2646.172,49.42
2646.682,49.41
2647.192,49.41
2647.703,49.41
2648.213,49.40
2648.723,49.40
2649.234,49.39
2649.744,49.39
2650.254,49.39
2650.765,49.38
2651.275,49.38
2651.785,49.37
2652.295,49.37
2652.806,49.36
2653.316,49.36
2653.826,49.36
2654.337,49.35
2654.846,49.34
2655.356,49.34
2655.867,49.33
2656.377,49.33
2656.887,49.32
2657.398,49.32
2657.908,49.32
2658.418,49.31
2658.928,49.31
2659.439,49.31
2659.949,49.30
2660.459,49.30
2660.970,49.30
2661.480,49.29
2661.990,49.28
2662.501,49.29
2663.011,49.28
2663.521,49.27
2664.032,49.28
2664.542,49.27
2665.052,49.27
2665.562,49.27
2666.073,49.26
2666.583,49.26
2667.092,49.25
2667.603,49.25
2668.113,49.25
2668.623,49.24
2669.134,49.23
2669.644,49.23
2670.154,49.22
2670.665,49.23
2671.175,49.22
2671.685,49.21
2672.195,49.22
2672.706,49.22
2673.216,49.21
2673.726,49.21
2674.237,49.20
2674.747,49.20
2675.257,49.20
2675.768,49.19
2676.278,49.19
2676.788,49.19
2677.299,49.18
2677.809,49.18
2678.319,49.18
2678.829,49.17
2679.340,49.17
2679.849,49.16
2680.359,49.17
2680.870,49.16
2681.380,49.14
2681.890,49.15
2