-0.01, 0.099
0.00, 0.197
-0.01, 0.296
-0.00, 0.394
0.04, 0.492
0.06, 0.591
0.05, 0.690
0.03, 0.788
0.02, 0.886
0.03, 0.985
0.01, 1.083
-0.01, 1.181
0.00, 1.281
0.02, 1.379
0.04, 1.477
0.05, 1.576
0.02, 1.674
0.02, 1.772
0.03, 1.872
-0.01, 1.970
0.02, 2.068
0.03, 2.166
0.05, 2.265
0.04, 2.363
-0.01, 2.462
-0.00, 2.561
0.03, 2.659
0.05, 2.757
0.02, 2.856
0.00, 2.954
0.03, 3.053
0.04, 3.152
0.01, 3.250
0.05, 3.348
0.05, 3.446
0.01, 3.545
0.04, 3.644
0.04, 3.742
0.01, 3.841
0.04, 3.939
0.03, 4.037
0.01, 4.136
0.02, 4.235
0.06, 4.333
0.04, 4.432
0.00, 4.530
0.02, 4.628
0.02, 4.726
0.03, 4.826
0.04, 4.924
0.02, 5.022
-0.02, 5.121
0.00, 5.219
0.03, 5.317
0.04, 5.417
0.03, 5.515
0.01, 5.613
0.04, 5.712
0.04, 5.810
0.06, 5.908
0.05, 6.007
0.06, 6.106
0.06, 6.204
0.05, 6.302
0.06, 6.401
0.08, 6.499
0.09, 6.598
0.07, 6.697
0.05, 6.795
0.05, 6.893
0.07, 6.992
0.10, 7.090
0.08, 7.189
0.07, 7.287
0.04, 7.386
0.03, 7.484
0.04, 7.582
0.06, 7.681
0.05, 7.780
0.06, 7.878
0.02, 7.977
0.03, 8.075
0.07, 8.173
0.05, 8.272
0.06, 8.371
0.09, 8.469
0.12, 8.567
0.10, 8.666
0.08, 8.764
0.07, 8.862
0.08, 8.962
0.09, 9.060
0.06, 9.158
0.05, 9.257
0.06, 9.355
0.09, 9.453
0.09, 9.553
0.06, 9.651
0.08, 9.749
0.06, 9.847
0.05, 9.946
0.07, 10.044
0.06, 10.143
0.09, 10.242
0.08, 10.340
0.06, 10.438
0.04, 10.537
0.06, 10.635
0.06, 10.734
0.04, 10.833
0.07, 10.931
0.08, 11.029
0.08, 11.127
0.06, 11.226
0.07, 11.325
0.08, 11.423
0.06, 11.522
0.06, 11.620
0.07, 11.718
0.10, 11.817
0.08, 11.916
0.06, 12.014
0.05, 12.113
0.10, 12.211
0.05, 12.309
0.04, 12.407
0.07, 12.507
0.10, 12.605
0.11, 12.703
0.12, 12.802
0.13, 12.900
0.12, 12.998
0.09, 13.098
0.11, 13.196
0.09, 13.294
0.07, 13.393
0.07, 13.491
0.09, 13.589
0.09, 13.687
0.07, 13.787
0.04, 13.885
0.06, 13.983
0.04, 14.082
0.04, 14.180
0.07, 14.278
0.07, 14.378
0.07, 14.476
0.02, 14.574
0.03, 14.673
0.05, 14.771
0.10, 14.869
0.09, 14.969
0.10, 15.067
0.07, 15.165
0.07, 15.263
0.08, 15.362
0.09, 15.460
0.11, 15.559
0.07, 15.658
0.06, 15.756
0.09, 15.854
0.11, 15.953
0.11, 16.051
0.11, 16.150
0.08, 16.249
0.10, 16.347
0.10, 16.445
0.05, 16.543
0.08, 16.642
0.06, 16.741
0.04, 16.839
0.09, 16.938
0.13, 17.036
0.09, 17.134
0.07, 17.233
0.07, 17.332
0.06, 17.430
0.05, 17.529
0.05, 17.627
0.05, 17.725
0.08, 17.823
0.08, 17.923
0.05, 18.021
0.10, 18.119
0.13, 18.218
0.09, 18.316
0.07, 18.414
0.07, 18.514
0.08, 18.612
0.07, 18.710
0.09, 18.809
0.08, 18.907
0.12, 19.005
0.11, 19.104
0.09, 19.203
0.08, 19.301
0.07, 19.399
5.97, 19.498
66.97, 19.596
169.82, 19.695
258.99, 19.794
305.06, 19.892
352.46, 19.990
380.66, 20.089
372.37, 20.187
372.51, 20.286
380.09, 20.384
371.48, 20.483
369.47, 20.581
368.27, 20.679
368.29, 20.778
368.28, 20.877
368.30, 20.975
368.35, 21.074
368.28, 21.172
368.28, 21.270
368.24, 21.369
368.24, 21.468
368.21, 21.566
368.25, 21.664
368.26, 21.763
368.25, 21.861
368.28, 21.959
368.24, 22.059
368.20, 22.157
368.17, 22.255
368.22, 22.354
368.23, 22.452
368.25, 22.550
368.24, 22.650
368.22, 22.748
368.23, 22.846
368.20, 22.944
368.20, 23.043
369.22, 23.141
376.96, 23.240
380.35, 23.339
380.69, 23.437
391.20, 23.535
396.26, 23.634
396.19, 23.732
395.95, 23.831
400.81, 23.930
395.59, 24.028
389.58, 24.126
393.90, 24.224
391.13, 24.323
372.76, 24.422
368.23, 24.520
368.20, 24.619
368.23, 24.717
368.19, 24.815
368.20, 24.915
368.18, 25.013
368.17, 25.111
368.14, 25.210
368.15, 25.308
368.19, 25.406
368.20, 25.505
368.17, 25.604
368.17, 25.702
368.19, 25.800
368.17, 25.899
368.17, 25.997
368.44, 26.096
368.37, 26.195
368.19, 26.293
368.18, 26.391
367.82, 26.490
366.46, 26.589
367.46, 26.687
367.93, 26.785
367.51, 26.884
370.44, 26.982
368.04, 27.080
357.31, 27.180
370.96, 27.278
393.00, 27.376
408.52, 27.475
418.85, 27.573
418.73, 27.671
417.29, 27.771
425.95, 27.869
438.36, 27.967
455.61, 28.065
460.64, 28.164
462.37, 28.263
458.35, 28.361
417.90, 28.460
387.12, 28.558
378.79, 28.656
372.17, 28.755
361.54, 28.854
354.69, 28.952
352.15, 29.051
349.66, 29.149
347.72, 29.247
345.59, 29.346
343.41, 29.445
341.41, 29.543
339.30, 29.641
337.19, 29.740
335.19, 29.838
333.08, 29.937
331.00, 30.036
329.01, 30.134
326.96, 30.232
324.97, 30.331
322.92, 30.429
320.84, 30.528
318.91, 30.626
316.93, 30.725
314.86, 30.823
312.95, 30.921
310.94, 31.021
308.95, 31.119
307.04, 31.217
305.01, 31.316
303.09, 31.414
301.15, 31.512
299.17, 31.612
297.29, 31.710
295.39, 31.808
293.46, 31.906
291.57, 32.005
289.66, 32.103
287.75, 32.202
285.83, 32.301
283.92, 32.399
282.04, 32.497
280.19, 32.596
278.33, 32.695
276.52, 32.793
274.68, 32.892
272.81, 32.990
271.01, 33.088
269.16, 33.186
267.36, 33.286
265.58, 33.384
263.67, 33.482
261.88, 33.581
260.07, 33.679
258.29, 33.778
256.56, 33.877
254.76, 33.975
252.98, 34.073
251.29, 34.172
249.50, 34.270
247.75, 34.369
246.04, 34.468
244.30, 34.566
242.56, 34.664
240.81, 34.762
239.06, 34.861
237.39, 34.960
235.72, 35.058
234.03, 35.157
232.36, 35.255
230.66, 35.353
228.97, 35.453
227.32, 35.551
225.64, 35.649
224.06, 35.748
222.43, 35.846
220.74, 35.944
219.10, 36.043
217.52, 36.142
215.90, 36.240
214.28, 36.338
212.67, 36.437
211.10, 36.536
209.52, 36.634
207.93, 36.733
206.37, 36.831
204.80, 36.929
203.21, 37.028
201.65, 37.127
200.13, 37.225
198.60, 37.323
197.06, 37.422
195.55, 37.520
194.03, 37.618
192.52, 37.718
190.96, 37.816
189.49, 37.914
188.04, 38.013
186.51, 38.111
184.99, 38.210
183.52, 38.309
182.09, 38.407
180.63, 38.505
179.17, 38.603
177.73, 38.702
176.32, 38.801
174.90, 38.899
173.43, 38.998
172.01, 39.096
170.65, 39.194
169.24, 39.294
167.82, 39.392
166.43, 39.490
165.00, 39.589
163.65, 39.687
162.29, 39.785
160.95, 39.884
159.62, 39.983
158.24, 40.081
156.87, 40.179
155.55, 40.278
154.24, 40.377
152.90, 40.475
151.59, 40.574
150.30, 40.672
149.00, 40.770
147.70, 40.869
146.36, 40.968
145.11, 41.066
143.85, 41.164
142.59, 41.263
141.31, 41.361
140.06, 41.459
138.86, 41.559
137.60, 41.657
136.34, 41.755
135.09, 41.854
133.86, 41.952
132.65, 42.051
131.42, 42.150
130.22, 42.248
129.05, 42.346
127.89, 42.444
126.69, 42.543
125.52, 42.642
124.31, 42.740
123.16, 42.839
122.07, 42.937
120.94, 43.035
119.78, 43.134
118.63, 43.233
117.47, 43.331
116.39, 43.430
115.29, 43.528
114.17, 43.626
113.06, 43.726
111.99, 43.824
110.94, 43.922
109.86, 44.020
108.72, 44.119
107.67, 44.217
106.66, 44.316
105.61, 44.415
104.55, 44.513
103.52, 44.611
102.50, 44.710
101.46, 44.809
100.43, 44.907
99.41, 45.006
98.43, 45.104
97.45, 45.202
96.44, 45.300
95.47, 45.400
94.46, 45.498
93.50, 45.596
92.57, 45.695
91.64, 45.793
90.71, 45.891
89.77, 45.991
88.88, 46.089
88.06, 46.187
87.29, 46.286
86.63, 46.384
86.09, 46.482
85.68, 46.581
85.22, 46.680
84.71, 46.778
84.15, 46.876
83.61, 46.975
83.29, 47.073
83.09, 47.172
82.84, 47.271
82.52, 47.369
82.04, 47.467
81.47, 47.566
81.10, 47.664
80.87, 47.763
80.56, 47.861
80.31, 47.960
80.11, 48.058
79.88, 48.156
79.71, 48.255
79.57, 48.354
79.39, 48.452
79.20, 48.551
78.99, 48.649
78.82, 48.747
78.65, 48.846
78.54, 48.945
78.36, 49.043
78.16, 49.141
78.00, 49.240
77.85, 49.338
77.72, 49.436
77.56, 49.536
77.41, 49.634
77.27, 49.732
77.09, 49.831
76.97, 49.929
76.93, 50.028
76.79, 50.127
76.64, 50.225
76.53, 50.323
76.41, 50.421
76.29, 50.520
76.20, 50.619
76.10, 50.717
75.95, 50.816
75.87, 50.914
75.78, 51.012
75.68, 51.111
75.59, 51.210
75.56, 51.308
75.55, 51.407
75.56, 51.505
75.55, 51.603
75.52, 51.702
